

================================================================
== Vitis HLS Report for 'forward_1'
================================================================
* Date:           Wed Feb 25 16:07:12 2026

* Version:        2025.1 (Build 6135595 on May 21 2025)
* Project:        unet_pvm_top
* Solution:       hls (Vivado IP Flow Target)
* Product family: zynquplus
* Target device:  xck26-sfvc784-2LV-c


================================================================
== Performance Estimates
================================================================
+ Timing: 
    * Summary: 
    +--------+---------+----------+------------+
    |  Clock |  Target | Estimated| Uncertainty|
    +--------+---------+----------+------------+
    |ap_clk  |  5.00 ns|  4.376 ns|     0.50 ns|
    +--------+---------+----------+------------+

+ Latency: 
    * Summary: 
    +---------+---------+----------+----------+------+------+------------------------------------------------+
    |  Latency (cycles) |  Latency (absolute) |   Interval  |                    Pipeline                    |
    |   min   |   max   |    min   |    max   |  min |  max |                      Type                      |
    +---------+---------+----------+----------+------+------+------------------------------------------------+
    |     1034|     1034|  5.170 us|  5.170 us|  1031|  1031|  loop auto-rewind stp (delay=5 clock cycles(s))|
    +---------+---------+----------+----------+------+------+------------------------------------------------+

    + Detail: 
        * Instance: 
        N/A

        * Loop: 
        +-----------------------------------+---------+---------+----------+-----------+-----------+------+----------+
        |                                   |  Latency (cycles) | Iteration|  Initiation Interval  | Trip |          |
        |             Loop Name             |   min   |   max   |  Latency |  achieved |   target  | Count| Pipelined|
        +-----------------------------------+---------+---------+----------+-----------+-----------+------+----------+
        |- VITIS_LOOP_21_2_VITIS_LOOP_28_3  |     1032|     1032|        11|          2|          1|   512|       yes|
        +-----------------------------------+---------+---------+----------+-----------+-----------+------+----------+



================================================================
== Utilization Estimates
================================================================
* Summary: 
+-----------------+---------+------+--------+--------+-----+
|       Name      | BRAM_18K|  DSP |   FF   |   LUT  | URAM|
+-----------------+---------+------+--------+--------+-----+
|DSP              |        -|     -|       -|       -|    -|
|Expression       |        -|     -|       0|     811|    -|
|FIFO             |        -|     -|       -|       -|    -|
|Instance         |        -|     6|       0|     273|    -|
|Memory           |        2|     -|       0|       0|    -|
|Multiplexer      |        -|     -|       0|     298|    -|
|Register         |        -|     -|    1500|     192|    -|
+-----------------+---------+------+--------+--------+-----+
|Total            |        2|     6|    1500|    1574|    0|
+-----------------+---------+------+--------+--------+-----+
|Available        |      288|  1248|  234240|  117120|   64|
+-----------------+---------+------+--------+--------+-----+
|Utilization (%)  |       ~0|    ~0|      ~0|       1|    0|
+-----------------+---------+------+--------+--------+-----+

+ Detail: 
    * Instance: 
    +-----------------------------+------------------------+---------+----+---+----+-----+
    |           Instance          |         Module         | BRAM_18K| DSP| FF| LUT| URAM|
    +-----------------------------+------------------------+---------+----+---+----+-----+
    |mul_18s_12s_30_1_1_U710      |mul_18s_12s_30_1_1      |        0|   1|  0|   5|    0|
    |mul_18s_18s_36_1_1_U707      |mul_18s_18s_36_1_1      |        0|   1|  0|   5|    0|
    |mul_18s_18s_36_1_1_U713      |mul_18s_18s_36_1_1      |        0|   1|  0|   5|    0|
    |mul_18s_18s_36_1_1_U714      |mul_18s_18s_36_1_1      |        0|   1|  0|   5|    0|
    |mul_36s_18s_52_1_1_U704      |mul_36s_18s_52_1_1      |        0|   2|  0|  24|    0|
    |sparsemux_17_3_18_1_1_U705   |sparsemux_17_3_18_1_1   |        0|   0|  0|  43|    0|
    |sparsemux_17_3_18_1_1_U706   |sparsemux_17_3_18_1_1   |        0|   0|  0|  43|    0|
    |sparsemux_17_3_18_1_1_U708   |sparsemux_17_3_18_1_1   |        0|   0|  0|  43|    0|
    |sparsemux_17_3_18_1_1_U709   |sparsemux_17_3_18_1_1   |        0|   0|  0|  43|    0|
    |sparsemux_17_3_18_1_1_U712   |sparsemux_17_3_18_1_1   |        0|   0|  0|  43|    0|
    |sparsemux_9_3_18_1_1_x_U711  |sparsemux_9_3_18_1_1_x  |        0|   0|  0|  14|    0|
    +-----------------------------+------------------------+---------+----+---+----+-----+
    |Total                        |                        |        0|   6|  0| 273|    0|
    +-----------------------------+------------------------+---------+----+---+----+-----+

    * DSP: 
    N/A

    * Memory: 
    +----------------------------------------------------+--------------------------------------------------------------------------+---------+---+----+-----+------+-----+------+-------------+
    |                       Memory                       |                                  Module                                  | BRAM_18K| FF| LUT| URAM| Words| Bits| Banks| W*Bits*Banks|
    +----------------------------------------------------+--------------------------------------------------------------------------+---------+---+----+-----+------+-----+------+-------------+
    |exp_lut_approx_ap_fixed_18_8_0_0_0_lut_values_U     |forward_7_exp_lut_approx_ap_fixed_18_8_0_0_0_lut_values4_ROM_1P_BRAM_1R   |        1|  0|   0|    0|     9|   11|     1|           99|
    |exp_lut_approx_ap_fixed_18_8_0_0_0_lut_values_34_U  |forward_7_exp_lut_approx_ap_fixed_18_8_0_0_0_lut_values_1_ROM_1P_BRAM_1R  |        1|  0|   0|    0|     9|   10|     1|           90|
    +----------------------------------------------------+--------------------------------------------------------------------------+---------+---+----+-----+------+-----+------+-------------+
    |Total                                               |                                                                          |        2|  0|   0|    0|    18|   21|     2|          189|
    +----------------------------------------------------+--------------------------------------------------------------------------+---------+---+----+-----+------+-----+------+-------------+

    * FIFO: 
    N/A

    * Expression: 
    +----------------------------------------+----------+----+---+----+------------+------------+
    |              Variable Name             | Operation| DSP| FF| LUT| Bitwidth P0| Bitwidth P1|
    +----------------------------------------+----------+----+---+----+------------+------------+
    |add_ln21_fu_766_p2                      |         +|   0|  0|  17|          10|           1|
    |add_ln28_fu_1348_p2                     |         +|   0|  0|  13|           6|           1|
    |add_ln31_fu_1662_p2                     |         +|   0|  0|  12|           5|           1|
    |add_ln33_fu_1911_p2                     |         +|   0|  0|  36|          29|          29|
    |add_ln41_fu_2194_p2                     |         +|   0|  0|  60|          53|          53|
    |add_ln46_fu_2632_p2                     |         +|   0|  0|  25|          18|          18|
    |decay_fu_1954_p2                        |         +|   0|  0|  25|          18|          18|
    |next_state_7_fu_2238_p2                 |         +|   0|  0|  25|          18|          18|
    |sub_ln28_fu_1602_p2                     |         -|   0|  0|  26|          19|          19|
    |sub_ln33_fu_1877_p2                     |         -|   0|  0|  19|          12|          12|
    |and_ln20_fu_2041_p2                     |       and|   0|  0|   2|           1|           1|
    |and_ln28_fu_1634_p2                     |       and|   0|  0|   2|           1|           1|
    |and_ln33_7_fu_2017_p2                   |       and|   0|  0|   2|           1|           1|
    |and_ln33_8_fu_2056_p2                   |       and|   0|  0|   2|           1|           1|
    |and_ln33_fu_2000_p2                     |       and|   0|  0|   2|           1|           1|
    |and_ln41_16_fu_2324_p2                  |       and|   0|  0|   2|           1|           1|
    |and_ln41_17_fu_2338_p2                  |       and|   0|  0|   2|           1|           1|
    |and_ln41_18_fu_2362_p2                  |       and|   0|  0|   2|           1|           1|
    |and_ln41_19_fu_2368_p2                  |       and|   0|  0|   2|           1|           1|
    |and_ln41_20_fu_2386_p2                  |       and|   0|  0|   2|           1|           1|
    |and_ln41_fu_2258_p2                     |       and|   0|  0|   2|           1|           1|
    |and_ln46_16_fu_2714_p2                  |       and|   0|  0|   2|           1|           1|
    |and_ln46_17_fu_2728_p2                  |       and|   0|  0|   2|           1|           1|
    |and_ln46_18_fu_2752_p2                  |       and|   0|  0|   2|           1|           1|
    |and_ln46_19_fu_2758_p2                  |       and|   0|  0|   2|           1|           1|
    |and_ln46_20_fu_2776_p2                  |       and|   0|  0|   2|           1|           1|
    |and_ln46_fu_2652_p2                     |       and|   0|  0|   2|           1|           1|
    |ap_block_pp0_stage0_11001_grp0          |       and|   0|  0|   2|           1|           1|
    |ap_block_state11_pp0_stage0_iter5_grp2  |       and|   0|  0|   2|           1|           1|
    |ap_block_state2_pp0_stage1_iter0_grp1   |       and|   0|  0|   2|           1|           1|
    |ap_condition_694                        |       and|   0|  0|   2|           1|           1|
    |ap_predicate_op144_read_state2          |       and|   0|  0|   2|           1|           1|
    |ap_predicate_pred1030_state9            |       and|   0|  0|   2|           1|           1|
    |ap_predicate_pred780_state9             |       and|   0|  0|   2|           1|           1|
    |ap_predicate_pred789_state9             |       and|   0|  0|   2|           1|           1|
    |ap_predicate_pred798_state9             |       and|   0|  0|   2|           1|           1|
    |ap_predicate_pred807_state9             |       and|   0|  0|   2|           1|           1|
    |ap_predicate_pred816_state9             |       and|   0|  0|   2|           1|           1|
    |ap_predicate_pred825_state9             |       and|   0|  0|   2|           1|           1|
    |ap_predicate_pred834_state9             |       and|   0|  0|   2|           1|           1|
    |ap_predicate_pred843_state9             |       and|   0|  0|   2|           1|           1|
    |ap_predicate_pred852_state9             |       and|   0|  0|   2|           1|           1|
    |ap_predicate_pred861_state9             |       and|   0|  0|   2|           1|           1|
    |ap_predicate_pred870_state9             |       and|   0|  0|   2|           1|           1|
    |ap_predicate_pred879_state9             |       and|   0|  0|   2|           1|           1|
    |ap_predicate_pred888_state9             |       and|   0|  0|   2|           1|           1|
    |ap_predicate_pred897_state9             |       and|   0|  0|   2|           1|           1|
    |ap_predicate_pred906_state9             |       and|   0|  0|   2|           1|           1|
    |ap_predicate_pred915_state9             |       and|   0|  0|   2|           1|           1|
    |ap_predicate_pred924_state9             |       and|   0|  0|   2|           1|           1|
    |ap_predicate_pred933_state9             |       and|   0|  0|   2|           1|           1|
    |ap_predicate_pred942_state9             |       and|   0|  0|   2|           1|           1|
    |ap_predicate_pred951_state9             |       and|   0|  0|   2|           1|           1|
    |ap_predicate_pred960_state9             |       and|   0|  0|   2|           1|           1|
    |ap_predicate_pred969_state9             |       and|   0|  0|   2|           1|           1|
    |ap_predicate_pred978_state9             |       and|   0|  0|   2|           1|           1|
    |first_iter_0_fu_789_p2                  |      icmp|   0|  0|  13|           6|           1|
    |icmp_ln20_fu_1498_p2                    |      icmp|   0|  0|  25|          18|          14|
    |icmp_ln21_fu_760_p2                     |      icmp|   0|  0|  18|          10|          11|
    |icmp_ln28_4_fu_1353_p2                  |      icmp|   0|  0|  14|           6|           7|
    |icmp_ln28_fu_775_p2                     |      icmp|   0|  0|  14|           6|           7|
    |icmp_ln31_fu_813_p2                     |      icmp|   0|  0|  10|           3|           1|
    |icmp_ln41_7_fu_2298_p2                  |      icmp|   0|  0|  22|          15|           2|
    |icmp_ln41_8_fu_2304_p2                  |      icmp|   0|  0|  22|          15|           1|
    |icmp_ln41_fu_2282_p2                    |      icmp|   0|  0|  21|          14|           2|
    |icmp_ln46_7_fu_2688_p2                  |      icmp|   0|  0|  15|           8|           2|
    |icmp_ln46_8_fu_2694_p2                  |      icmp|   0|  0|  15|           8|           1|
    |icmp_ln46_fu_2674_p2                    |      icmp|   0|  0|  14|           7|           2|
    |ap_block_pp0_stage0_01001_grp2          |        or|   0|  0|   2|           1|           1|
    |ap_block_pp0_stage1_11001               |        or|   0|  0|   2|           1|           1|
    |or_ln20_fu_2046_p2                      |        or|   0|  0|   2|           1|           1|
    |or_ln33_4_fu_2022_p2                    |        or|   0|  0|   2|           1|           1|
    |or_ln33_8_fu_1972_p2                    |        or|   0|  0|   2|           1|           1|
    |or_ln33_9_fu_2006_p2                    |        or|   0|  0|   2|           1|           1|
    |or_ln33_fu_1994_p2                      |        or|   0|  0|   2|           1|           1|
    |or_ln41_7_fu_2374_p2                    |        or|   0|  0|   2|           1|           1|
    |or_ln41_8_fu_2400_p2                    |        or|   0|  0|   2|           1|           1|
    |or_ln41_fu_2350_p2                      |        or|   0|  0|   2|           1|           1|
    |or_ln46_4_fu_2782_p2                    |        or|   0|  0|   2|           1|           1|
    |or_ln46_5_fu_2764_p2                    |        or|   0|  0|   2|           1|           1|
    |or_ln46_fu_2740_p2                      |        or|   0|  0|   2|           1|           1|
    |decay_4_fu_2071_p6                      |    select|   0|  0|  18|           1|          17|
    |frac_4_fu_1654_p3                       |    select|   0|  0|  17|           1|          18|
    |next_state_8_fu_2406_p3                 |    select|   0|  0|  17|           1|          18|
    |out_vec_224_fu_2795_p3                  |    select|   0|  0|  17|           1|          18|
    |scaled_4_fu_1518_p3                     |    select|   0|  0|  17|           1|          17|
    |select_ln21_fu_781_p3                   |    select|   0|  0|   6|           1|           1|
    |select_ln28_7_fu_1646_p3                |    select|   0|  0|  18|           1|          17|
    |select_ln28_fu_1586_p3                  |    select|   0|  0|  18|           1|          19|
    |select_ln41_10_fu_2330_p3               |    select|   0|  0|   2|           1|           1|
    |select_ln41_11_fu_2392_p3               |    select|   0|  0|  18|           1|          17|
    |select_ln41_fu_2310_p3                  |    select|   0|  0|   2|           1|           1|
    |select_ln46_10_fu_2720_p3               |    select|   0|  0|   2|           1|           1|
    |select_ln46_11_fu_2788_p3               |    select|   0|  0|  18|           1|          17|
    |select_ln46_fu_2700_p3                  |    select|   0|  0|   2|           1|           1|
    |y0_fu_1839_p3                           |    select|   0|  0|  10|           1|          11|
    |y1_fu_1864_p3                           |    select|   0|  0|  10|           1|          11|
    |ap_enable_pp0                           |       xor|   0|  0|   2|           1|           2|
    |xor_ln19_fu_2036_p2                     |       xor|   0|  0|   2|           1|           2|
    |xor_ln20_fu_2050_p2                     |       xor|   0|  0|   2|           1|           2|
    |xor_ln28_4_fu_1640_p2                   |       xor|   0|  0|   2|           1|           1|
    |xor_ln28_fu_1628_p2                     |       xor|   0|  0|   2|           1|           2|
    |xor_ln33_13_fu_1978_p2                  |       xor|   0|  0|   2|           1|           2|
    |xor_ln33_14_fu_1983_p2                  |       xor|   0|  0|   2|           1|           2|
    |xor_ln33_15_fu_1988_p2                  |       xor|   0|  0|   2|           1|           1|
    |xor_ln33_16_fu_2011_p2                  |       xor|   0|  0|   2|           1|           2|
    |xor_ln33_fu_1967_p2                     |       xor|   0|  0|   2|           1|           2|
    |xor_ln41_13_fu_2318_p2                  |       xor|   0|  0|   2|           1|           2|
    |xor_ln41_14_fu_2344_p2                  |       xor|   0|  0|   2|           1|           2|
    |xor_ln41_15_fu_2356_p2                  |       xor|   0|  0|   2|           1|           2|
    |xor_ln41_16_fu_2380_p2                  |       xor|   0|  0|   2|           1|           2|
    |xor_ln41_fu_2252_p2                     |       xor|   0|  0|   2|           1|           2|
    |xor_ln46_13_fu_2708_p2                  |       xor|   0|  0|   2|           1|           2|
    |xor_ln46_14_fu_2734_p2                  |       xor|   0|  0|   2|           1|           2|
    |xor_ln46_15_fu_2746_p2                  |       xor|   0|  0|   2|           1|           2|
    |xor_ln46_16_fu_2770_p2                  |       xor|   0|  0|   2|           1|           2|
    |xor_ln46_fu_2646_p2                     |       xor|   0|  0|   2|           1|           2|
    +----------------------------------------+----------+----+---+----+------------+------------+
    |Total                                   |          |   0|  0| 811|         399|         503|
    +----------------------------------------+----------+----+---+----+------------+------------+

    * Multiplexer: 
    +-----------------------------------------------------------------+----+-----------+-----+-----------+
    |                               Name                              | LUT| Input Size| Bits| Total Bits|
    +-----------------------------------------------------------------+----+-----------+-----+-----------+
    |ap_NS_fsm                                                        |  14|          3|    1|          3|
    |ap_condition_exit_pp0_iter0_stage1_pp0_iter1_reg                 |   9|          2|    1|          2|
    |ap_condition_exit_pp0_iter0_stage1_pp0_iter2_reg                 |   9|          2|    1|          2|
    |ap_done_int                                                      |   9|          2|    1|          2|
    |ap_enable_reg_pp0_iter0                                          |   9|          2|    1|          2|
    |ap_enable_reg_pp0_iter1                                          |   9|          2|    1|          2|
    |ap_enable_reg_pp0_iter5                                          |   9|          2|    1|          2|
    |ap_loop_exit_ready_pp0_iter1_reg                                 |   9|          2|    1|          2|
    |ap_loop_exit_ready_pp0_iter2_reg                                 |   9|          2|    1|          2|
    |ap_loop_exit_ready_pp0_iter3_reg                                 |   9|          2|    1|          2|
    |ap_loop_exit_ready_pp0_iter4_reg                                 |   9|          2|    1|          2|
    |ap_sig_allocacmp_d_load                                          |   9|          2|    6|         12|
    |ap_sig_allocacmp_indvar_flatten_load                             |   9|          2|   10|         20|
    |d_fu_376                                                         |   9|          2|    6|         12|
    |exp_lut_approx_ap_fixed_18_8_0_0_0_lut_values_34_address0_local  |  14|          3|    4|         12|
    |exp_lut_approx_ap_fixed_18_8_0_0_0_lut_values_address0_local     |  14|          3|    4|         12|
    |forward_int_stream_S6Params_0_stream_PixelVec_0_state_25_o       |  14|          3|   18|         54|
    |forward_int_stream_S6Params_0_stream_PixelVec_0_state_26_o       |  14|          3|   18|         54|
    |forward_int_stream_S6Params_0_stream_PixelVec_0_state_27_o       |  14|          3|   18|         54|
    |forward_int_stream_S6Params_0_stream_PixelVec_0_state_28_o       |  14|          3|   18|         54|
    |forward_int_stream_S6Params_0_stream_PixelVec_0_state_29_o       |  14|          3|   18|         54|
    |forward_int_stream_S6Params_0_stream_PixelVec_0_state_30_o       |  14|          3|   18|         54|
    |forward_int_stream_S6Params_0_stream_PixelVec_0_state_31_o       |  14|          3|   18|         54|
    |forward_int_stream_S6Params_0_stream_PixelVec_0_state_o          |  14|          3|   18|         54|
    |indvar_flatten_fu_380                                            |   9|          2|   10|         20|
    |s_params_fwd_blk_n                                               |   9|          2|    1|          2|
    |s_ssm_out_blk_n                                                  |   9|          2|    1|          2|
    +-----------------------------------------------------------------+----+-----------+-----+-----------+
    |Total                                                            | 298|         65|  197|        547|
    +-----------------------------------------------------------------+----+-----------+-----+-----------+

    * Register: 
    +--------------------------------------------------+----+----+-----+-----------+
    |                       Name                       | FF | LUT| Bits| Const Bits|
    +--------------------------------------------------+----+----+-----+-----------+
    |add_ln46_reg_3547                                 |  18|   0|   18|          0|
    |and_ln46_18_reg_3552                              |   1|   0|    1|          0|
    |ap_CS_fsm                                         |   2|   0|    2|          0|
    |ap_block_pp0_stage0_subdone_grp0_done_reg         |   1|   0|    1|          0|
    |ap_block_pp0_stage0_subdone_grp0_done_reg_iter0   |   1|   0|    1|          0|
    |ap_block_pp0_stage1_subdone_grp0_done_reg         |   1|   0|    1|          0|
    |ap_condition_exit_pp0_iter0_stage1_pp0_iter1_reg  |   1|   0|    1|          0|
    |ap_condition_exit_pp0_iter0_stage1_pp0_iter2_reg  |   1|   0|    1|          0|
    |ap_done_reg                                       |   1|   0|    1|          0|
    |ap_enable_reg_pp0_iter0_reg                       |   1|   0|    1|          0|
    |ap_enable_reg_pp0_iter1                           |   1|   0|    1|          0|
    |ap_enable_reg_pp0_iter2                           |   1|   0|    1|          0|
    |ap_enable_reg_pp0_iter3                           |   1|   0|    1|          0|
    |ap_enable_reg_pp0_iter4                           |   1|   0|    1|          0|
    |ap_enable_reg_pp0_iter5                           |   1|   0|    1|          0|
    |ap_loop_exit_ready_pp0_iter1_reg                  |   1|   0|    1|          0|
    |ap_loop_exit_ready_pp0_iter2_reg                  |   1|   0|    1|          0|
    |ap_loop_exit_ready_pp0_iter3_reg                  |   1|   0|    1|          0|
    |ap_loop_exit_ready_pp0_iter4_reg                  |   1|   0|    1|          0|
    |ap_predicate_pred1030_state9                      |   1|   0|    1|          0|
    |ap_predicate_pred780_state9                       |   1|   0|    1|          0|
    |ap_predicate_pred789_state9                       |   1|   0|    1|          0|
    |ap_predicate_pred798_state9                       |   1|   0|    1|          0|
    |ap_predicate_pred807_state9                       |   1|   0|    1|          0|
    |ap_predicate_pred816_state9                       |   1|   0|    1|          0|
    |ap_predicate_pred825_state9                       |   1|   0|    1|          0|
    |ap_predicate_pred834_state9                       |   1|   0|    1|          0|
    |ap_predicate_pred843_state9                       |   1|   0|    1|          0|
    |ap_predicate_pred852_state9                       |   1|   0|    1|          0|
    |ap_predicate_pred861_state9                       |   1|   0|    1|          0|
    |ap_predicate_pred870_state9                       |   1|   0|    1|          0|
    |ap_predicate_pred879_state9                       |   1|   0|    1|          0|
    |ap_predicate_pred888_state9                       |   1|   0|    1|          0|
    |ap_predicate_pred897_state9                       |   1|   0|    1|          0|
    |ap_predicate_pred906_state9                       |   1|   0|    1|          0|
    |ap_predicate_pred915_state9                       |   1|   0|    1|          0|
    |ap_predicate_pred924_state9                       |   1|   0|    1|          0|
    |ap_predicate_pred933_state9                       |   1|   0|    1|          0|
    |ap_predicate_pred942_state9                       |   1|   0|    1|          0|
    |ap_predicate_pred951_state9                       |   1|   0|    1|          0|
    |ap_predicate_pred960_state9                       |   1|   0|    1|          0|
    |ap_predicate_pred969_state9                       |   1|   0|    1|          0|
    |ap_predicate_pred978_state9                       |   1|   0|    1|          0|
    |c_reg_3483                                        |  18|   0|   18|          0|
    |d_fu_376                                          |   6|   0|    6|          0|
    |first_iter_0_reg_3413                             |   1|   0|    1|          0|
    |frac_4_reg_3458                                   |  18|   0|   18|          0|
    |frac_4_reg_3458_pp0_iter2_reg                     |  18|   0|   18|          0|
    |icmp_ln20_reg_3446                                |   1|   0|    1|          0|
    |icmp_ln20_reg_3446_pp0_iter2_reg                  |   1|   0|    1|          0|
    |icmp_ln21_reg_3404                                |   1|   0|    1|          0|
    |icmp_ln28_4_reg_3435                              |   1|   0|    1|          0|
    |icmp_ln31_reg_3431                                |   1|   0|    1|          0|
    |indvar_flatten_fu_380                             |  10|   0|   10|          0|
    |lshr_ln6_reg_3473                                 |   4|   0|    4|          0|
    |mul_ln41_7_reg_3478                               |  36|   0|   36|          0|
    |mul_ln41_8_reg_3504                               |  52|   0|   52|          0|
    |mul_ln41_8_reg_3504_pp0_iter2_reg                 |  52|   0|   52|          0|
    |mul_ln41_reg_3537                                 |  36|   0|   36|          0|
    |next_state_8_reg_3542                             |  18|   0|   18|          0|
    |or_ln46_4_reg_3557                                |   1|   0|    1|          0|
    |out_vec_193_fu_388                                |  18|   0|   18|          0|
    |out_vec_194_fu_392                                |  18|   0|   18|          0|
    |out_vec_195_fu_396                                |  18|   0|   18|          0|
    |out_vec_196_fu_400                                |  18|   0|   18|          0|
    |out_vec_197_fu_404                                |  18|   0|   18|          0|
    |out_vec_198_fu_408                                |  18|   0|   18|          0|
    |out_vec_199_fu_412                                |  18|   0|   18|          0|
    |out_vec_fu_384                                    |  18|   0|   18|          0|
    |p_B_22147_fu_604                                  |  18|   0|   18|          0|
    |p_B_22245_fu_600                                  |  18|   0|   18|          0|
    |p_B_22343_fu_596                                  |  18|   0|   18|          0|
    |p_B_22441_fu_592                                  |  18|   0|   18|          0|
    |p_B_22539_fu_588                                  |  18|   0|   18|          0|
    |p_B_22637_fu_584                                  |  18|   0|   18|          0|
    |p_B_22735_fu_580                                  |  18|   0|   18|          0|
    |p_B_22833_fu_576                                  |  18|   0|   18|          0|
    |p_C_22131_fu_572                                  |  18|   0|   18|          0|
    |p_C_22229_fu_568                                  |  18|   0|   18|          0|
    |p_C_22327_fu_564                                  |  18|   0|   18|          0|
    |p_C_22425_fu_560                                  |  18|   0|   18|          0|
    |p_C_22523_fu_556                                  |  18|   0|   18|          0|
    |p_C_22621_fu_552                                  |  18|   0|   18|          0|
    |p_C_22719_fu_548                                  |  18|   0|   18|          0|
    |p_C_22817_fu_544                                  |  18|   0|   18|          0|
    |p_delta_22163_fu_636                              |  18|   0|   18|          0|
    |p_delta_22261_fu_632                              |  18|   0|   18|          0|
    |p_delta_22359_fu_628                              |  18|   0|   18|          0|
    |p_delta_22457_fu_624                              |  18|   0|   18|          0|
    |p_delta_22555_fu_620                              |  18|   0|   18|          0|
    |p_delta_22653_fu_616                              |  18|   0|   18|          0|
    |p_delta_22751_fu_612                              |  18|   0|   18|          0|
    |p_delta_22849_fu_608                              |  18|   0|   18|          0|
    |p_x_22115_fu_540                                  |  18|   0|   18|          0|
    |p_x_22213_fu_536                                  |  18|   0|   18|          0|
    |p_x_22311_fu_532                                  |  18|   0|   18|          0|
    |p_x_2249_fu_528                                   |  18|   0|   18|          0|
    |p_x_2257_fu_524                                   |  18|   0|   18|          0|
    |p_x_2265_fu_520                                   |  18|   0|   18|          0|
    |p_x_2273_fu_516                                   |  18|   0|   18|          0|
    |p_x_2281_fu_512                                   |  18|   0|   18|          0|
    |select_ln21_reg_3408                              |   6|   0|    6|          0|
    |tmp_615_reg_3439                                  |   1|   0|    1|          0|
    |tmp_615_reg_3439_pp0_iter2_reg                    |   1|   0|    1|          0|
    |tmp_617_reg_3452                                  |   1|   0|    1|          0|
    |tmp_621_reg_3514                                  |   1|   0|    1|          0|
    |tmp_622_reg_3526                                  |   1|   0|    1|          0|
    |tmp_623_reg_3531                                  |   1|   0|    1|          0|
    |trunc_ln28_7_reg_3421                             |   3|   0|    3|          0|
    |trunc_ln28_reg_3417                               |   5|   0|    5|          0|
    |trunc_ln33_8_reg_3521                             |  18|   0|   18|          0|
    |y0_reg_3488                                       |  11|   0|   11|          0|
    |y1_reg_3509                                       |  11|   0|   11|          0|
    |c_reg_3483                                        |  64|  32|   18|          0|
    |icmp_ln21_reg_3404                                |  64|  32|    1|          0|
    |icmp_ln28_4_reg_3435                              |  64|  32|    1|          0|
    |icmp_ln31_reg_3431                                |  64|  32|    1|          0|
    |trunc_ln28_7_reg_3421                             |  64|  32|    3|          0|
    |trunc_ln28_reg_3417                               |  64|  32|    5|          0|
    +--------------------------------------------------+----+----+-----+-----------+
    |Total                                             |1500| 192| 1145|          0|
    +--------------------------------------------------+----+----+-----+-----------+



================================================================
== Interface
================================================================
* Summary: 
+-------------------------------------------------------------------+-----+------+------------+----------------------------------------------------------+--------------+
|                             RTL Ports                             | Dir | Bits |  Protocol  |                       Source Object                      |    C Type    |
+-------------------------------------------------------------------+-----+------+------------+----------------------------------------------------------+--------------+
|ap_clk                                                             |   in|     1|  ap_ctrl_hs|                                                 forward.1|  return value|
|ap_rst                                                             |   in|     1|  ap_ctrl_hs|                                                 forward.1|  return value|
|ap_start                                                           |   in|     1|  ap_ctrl_hs|                                                 forward.1|  return value|
|ap_done                                                            |  out|     1|  ap_ctrl_hs|                                                 forward.1|  return value|
|ap_continue                                                        |   in|     1|  ap_ctrl_hs|                                                 forward.1|  return value|
|ap_idle                                                            |  out|     1|  ap_ctrl_hs|                                                 forward.1|  return value|
|ap_ready                                                           |  out|     1|  ap_ctrl_hs|                                                 forward.1|  return value|
|s_ssm_out_din                                                      |  out|   576|     ap_fifo|                                                 s_ssm_out|       pointer|
|s_ssm_out_full_n                                                   |   in|     1|     ap_fifo|                                                 s_ssm_out|       pointer|
|s_ssm_out_write                                                    |  out|     1|     ap_fifo|                                                 s_ssm_out|       pointer|
|s_ssm_out_num_data_valid                                           |   in|    32|     ap_fifo|                                                 s_ssm_out|       pointer|
|s_ssm_out_fifo_cap                                                 |   in|    32|     ap_fifo|                                                 s_ssm_out|       pointer|
|s_params_fwd_dout                                                  |   in|  2304|     ap_fifo|                                              s_params_fwd|       pointer|
|s_params_fwd_empty_n                                               |   in|     1|     ap_fifo|                                              s_params_fwd|       pointer|
|s_params_fwd_read                                                  |  out|     1|     ap_fifo|                                              s_params_fwd|       pointer|
|s_params_fwd_num_data_valid                                        |   in|     5|     ap_fifo|                                              s_params_fwd|       pointer|
|s_params_fwd_fifo_cap                                              |   in|     5|     ap_fifo|                                              s_params_fwd|       pointer|
|forward_int_stream_S6Params_0_stream_PixelVec_0_state_i            |   in|    18|     ap_ovld|     forward_int_stream_S6Params_0_stream_PixelVec_0_state|       pointer|
|forward_int_stream_S6Params_0_stream_PixelVec_0_state_o            |  out|    18|     ap_ovld|     forward_int_stream_S6Params_0_stream_PixelVec_0_state|       pointer|
|forward_int_stream_S6Params_0_stream_PixelVec_0_state_o_ap_vld     |  out|     1|     ap_ovld|     forward_int_stream_S6Params_0_stream_PixelVec_0_state|       pointer|
|forward_int_stream_S6Params_0_stream_PixelVec_0_state_25_i         |   in|    18|     ap_ovld|  forward_int_stream_S6Params_0_stream_PixelVec_0_state_25|       pointer|
|forward_int_stream_S6Params_0_stream_PixelVec_0_state_25_o         |  out|    18|     ap_ovld|  forward_int_stream_S6Params_0_stream_PixelVec_0_state_25|       pointer|
|forward_int_stream_S6Params_0_stream_PixelVec_0_state_25_o_ap_vld  |  out|     1|     ap_ovld|  forward_int_stream_S6Params_0_stream_PixelVec_0_state_25|       pointer|
|forward_int_stream_S6Params_0_stream_PixelVec_0_state_26_i         |   in|    18|     ap_ovld|  forward_int_stream_S6Params_0_stream_PixelVec_0_state_26|       pointer|
|forward_int_stream_S6Params_0_stream_PixelVec_0_state_26_o         |  out|    18|     ap_ovld|  forward_int_stream_S6Params_0_stream_PixelVec_0_state_26|       pointer|
|forward_int_stream_S6Params_0_stream_PixelVec_0_state_26_o_ap_vld  |  out|     1|     ap_ovld|  forward_int_stream_S6Params_0_stream_PixelVec_0_state_26|       pointer|
|forward_int_stream_S6Params_0_stream_PixelVec_0_state_27_i         |   in|    18|     ap_ovld|  forward_int_stream_S6Params_0_stream_PixelVec_0_state_27|       pointer|
|forward_int_stream_S6Params_0_stream_PixelVec_0_state_27_o         |  out|    18|     ap_ovld|  forward_int_stream_S6Params_0_stream_PixelVec_0_state_27|       pointer|
|forward_int_stream_S6Params_0_stream_PixelVec_0_state_27_o_ap_vld  |  out|     1|     ap_ovld|  forward_int_stream_S6Params_0_stream_PixelVec_0_state_27|       pointer|
|forward_int_stream_S6Params_0_stream_PixelVec_0_state_28_i         |   in|    18|     ap_ovld|  forward_int_stream_S6Params_0_stream_PixelVec_0_state_28|       pointer|
|forward_int_stream_S6Params_0_stream_PixelVec_0_state_28_o         |  out|    18|     ap_ovld|  forward_int_stream_S6Params_0_stream_PixelVec_0_state_28|       pointer|
|forward_int_stream_S6Params_0_stream_PixelVec_0_state_28_o_ap_vld  |  out|     1|     ap_ovld|  forward_int_stream_S6Params_0_stream_PixelVec_0_state_28|       pointer|
|forward_int_stream_S6Params_0_stream_PixelVec_0_state_29_i         |   in|    18|     ap_ovld|  forward_int_stream_S6Params_0_stream_PixelVec_0_state_29|       pointer|
|forward_int_stream_S6Params_0_stream_PixelVec_0_state_29_o         |  out|    18|     ap_ovld|  forward_int_stream_S6Params_0_stream_PixelVec_0_state_29|       pointer|
|forward_int_stream_S6Params_0_stream_PixelVec_0_state_29_o_ap_vld  |  out|     1|     ap_ovld|  forward_int_stream_S6Params_0_stream_PixelVec_0_state_29|       pointer|
|forward_int_stream_S6Params_0_stream_PixelVec_0_state_30_i         |   in|    18|     ap_ovld|  forward_int_stream_S6Params_0_stream_PixelVec_0_state_30|       pointer|
|forward_int_stream_S6Params_0_stream_PixelVec_0_state_30_o         |  out|    18|     ap_ovld|  forward_int_stream_S6Params_0_stream_PixelVec_0_state_30|       pointer|
|forward_int_stream_S6Params_0_stream_PixelVec_0_state_30_o_ap_vld  |  out|     1|     ap_ovld|  forward_int_stream_S6Params_0_stream_PixelVec_0_state_30|       pointer|
|forward_int_stream_S6Params_0_stream_PixelVec_0_state_31_i         |   in|    18|     ap_ovld|  forward_int_stream_S6Params_0_stream_PixelVec_0_state_31|       pointer|
|forward_int_stream_S6Params_0_stream_PixelVec_0_state_31_o         |  out|    18|     ap_ovld|  forward_int_stream_S6Params_0_stream_PixelVec_0_state_31|       pointer|
|forward_int_stream_S6Params_0_stream_PixelVec_0_state_31_o_ap_vld  |  out|     1|     ap_ovld|  forward_int_stream_S6Params_0_stream_PixelVec_0_state_31|       pointer|
+-------------------------------------------------------------------+-----+------+------------+----------------------------------------------------------+--------------+

