

================================================================
== Vitis HLS Report for 'pvm_merge_and_project_config_enc5_Pipeline_VITIS_LOOP_89_2'
================================================================
* Date:           Wed Feb 25 16:07:19 2026

* Version:        2025.1 (Build 6135595 on May 21 2025)
* Project:        unet_pvm_top
* Solution:       hls (Vivado IP Flow Target)
* Product family: zynquplus
* Target device:  xck26-sfvc784-2LV-c


================================================================
== Performance Estimates
================================================================
+ Timing: 
    * Summary: 
    +--------+---------+----------+------------+
    |  Clock |  Target | Estimated| Uncertainty|
    +--------+---------+----------+------------+
    |ap_clk  |  5.00 ns|  4.500 ns|     0.50 ns|
    +--------+---------+----------+------------+

+ Latency: 
    * Summary: 
    +---------+---------+----------+----------+-----+-----+------------------------------------------------+
    |  Latency (cycles) |  Latency (absolute) |  Interval |                    Pipeline                    |
    |   min   |   max   |    min   |    max   | min | max |                      Type                      |
    +---------+---------+----------+----------+-----+-----+------------------------------------------------+
    |       35|       35|  0.175 us|  0.175 us|   33|   33|  loop auto-rewind stp (delay=0 clock cycles(s))|
    +---------+---------+----------+----------+-----+-----+------------------------------------------------+

    + Detail: 
        * Instance: 
        N/A

        * Loop: 
        +-------------------+---------+---------+----------+-----------+-----------+------+----------+
        |                   |  Latency (cycles) | Iteration|  Initiation Interval  | Trip |          |
        |     Loop Name     |   min   |   max   |  Latency |  achieved |   target  | Count| Pipelined|
        +-------------------+---------+---------+----------+-----------+-----------+------+----------+
        |- VITIS_LOOP_89_2  |       33|       33|         3|          1|          1|    32|       yes|
        +-------------------+---------+---------+----------+-----------+-----------+------+----------+



================================================================
== Utilization Estimates
================================================================
* Summary: 
+-----------------+---------+------+--------+--------+-----+
|       Name      | BRAM_18K|  DSP |   FF   |   LUT  | URAM|
+-----------------+---------+------+--------+--------+-----+
|DSP              |        -|     -|       -|       -|    -|
|Expression       |        -|     -|       0|      31|    -|
|FIFO             |        -|     -|       -|       -|    -|
|Instance         |        -|     -|       -|       -|    -|
|Memory           |        -|     -|       -|       -|    -|
|Multiplexer      |        -|     -|       0|      45|    -|
|Register         |        -|     -|      73|       -|    -|
+-----------------+---------+------+--------+--------+-----+
|Total            |        0|     0|      73|      76|    0|
+-----------------+---------+------+--------+--------+-----+
|Available        |      288|  1248|  234240|  117120|   64|
+-----------------+---------+------+--------+--------+-----+
|Utilization (%)  |        0|     0|      ~0|      ~0|    0|
+-----------------+---------+------+--------+--------+-----+

+ Detail: 
    * Instance: 
    N/A

    * DSP: 
    N/A

    * Memory: 
    N/A

    * FIFO: 
    N/A

    * Expression: 
    +---------------------------+----------+----+---+----+------------+------------+
    |       Variable Name       | Operation| DSP| FF| LUT| Bitwidth P0| Bitwidth P1|
    +---------------------------+----------+----+---+----+------------+------------+
    |add_ln89_fu_641_p2         |         +|   0|  0|  13|           6|           1|
    |ap_block_pp0_stage0_11001  |       and|   0|  0|   2|           1|           1|
    |icmp_ln89_fu_635_p2        |      icmp|   0|  0|  14|           6|           7|
    |ap_enable_pp0              |       xor|   0|  0|   2|           1|           2|
    +---------------------------+----------+----+---+----+------------+------------+
    |Total                      |          |   0|  0|  31|          14|          11|
    +---------------------------+----------+----+---+----+------------+------------+

    * Multiplexer: 
    +-------------------------+----+-----------+-----+-----------+
    |           Name          | LUT| Input Size| Bits| Total Bits|
    +-------------------------+----+-----------+-----+-----------+
    |ap_done_int              |   9|          2|    1|          2|
    |ap_enable_reg_pp0_iter1  |   9|          2|    1|          2|
    |ap_sig_allocacmp_in_c_1  |   9|          2|    6|         12|
    |gmem2_blk_n_R            |   9|          2|    1|          2|
    |in_c_fu_182              |   9|          2|    6|         12|
    +-------------------------+----+-----------+-----+-----------+
    |Total                    |  45|         10|   15|         30|
    +-------------------------+----+-----------+-----+-----------+

    * Register: 
    +-------------------------------------------+----+----+-----+-----------+
    |                    Name                   | FF | LUT| Bits| Const Bits|
    +-------------------------------------------+----+----+-----+-----------+
    |ap_CS_fsm                                  |   1|   0|    1|          0|
    |ap_block_pp0_stage0_subdone_grp0_done_reg  |   1|   0|    1|          0|
    |ap_done_reg                                |   1|   0|    1|          0|
    |ap_enable_reg_pp0_iter1                    |   1|   0|    1|          0|
    |ap_enable_reg_pp0_iter2                    |   1|   0|    1|          0|
    |ap_loop_exit_ready_pp0_iter1_reg           |   1|   0|    1|          0|
    |ap_predicate_pred436_state3                |   1|   0|    1|          0|
    |ap_predicate_pred451_state3                |   1|   0|    1|          0|
    |ap_predicate_pred465_state3                |   1|   0|    1|          0|
    |ap_predicate_pred479_state3                |   1|   0|    1|          0|
    |ap_predicate_pred493_state3                |   1|   0|    1|          0|
    |ap_predicate_pred507_state3                |   1|   0|    1|          0|
    |ap_predicate_pred521_state3                |   1|   0|    1|          0|
    |ap_predicate_pred535_state3                |   1|   0|    1|          0|
    |ap_predicate_pred549_state3                |   1|   0|    1|          0|
    |ap_predicate_pred563_state3                |   1|   0|    1|          0|
    |ap_predicate_pred577_state3                |   1|   0|    1|          0|
    |ap_predicate_pred591_state3                |   1|   0|    1|          0|
    |ap_predicate_pred605_state3                |   1|   0|    1|          0|
    |ap_predicate_pred619_state3                |   1|   0|    1|          0|
    |ap_predicate_pred633_state3                |   1|   0|    1|          0|
    |ap_predicate_pred647_state3                |   1|   0|    1|          0|
    |ap_predicate_pred661_state3                |   1|   0|    1|          0|
    |ap_predicate_pred675_state3                |   1|   0|    1|          0|
    |ap_predicate_pred689_state3                |   1|   0|    1|          0|
    |ap_predicate_pred703_state3                |   1|   0|    1|          0|
    |ap_predicate_pred717_state3                |   1|   0|    1|          0|
    |ap_predicate_pred731_state3                |   1|   0|    1|          0|
    |ap_predicate_pred745_state3                |   1|   0|    1|          0|
    |ap_predicate_pred759_state3                |   1|   0|    1|          0|
    |ap_predicate_pred773_state3                |   1|   0|    1|          0|
    |ap_predicate_pred787_state3                |   1|   0|    1|          0|
    |ap_predicate_pred801_state3                |   1|   0|    1|          0|
    |ap_predicate_pred815_state3                |   1|   0|    1|          0|
    |ap_predicate_pred829_state3                |   1|   0|    1|          0|
    |ap_predicate_pred843_state3                |   1|   0|    1|          0|
    |ap_predicate_pred857_state3                |   1|   0|    1|          0|
    |ap_predicate_pred871_state3                |   1|   0|    1|          0|
    |in_c_fu_182                                |   6|   0|    6|          0|
    |trunc_ln89_reg_784                         |   5|   0|    5|          0|
    |trunc_ln91_reg_788                         |  18|   0|   18|          0|
    |zext_ln87_cast_reg_744                     |   6|   0|   64|         58|
    +-------------------------------------------+----+----+-----+-----------+
    |Total                                      |  73|   0|  131|         58|
    +-------------------------------------------+----+----+-----+-----------+



================================================================
== Interface
================================================================
* Summary: 
+--------------------------+-----+-----+------------+-------------------------------------------------------------+--------------+
|         RTL Ports        | Dir | Bits|  Protocol  |                        Source Object                        |    C Type    |
+--------------------------+-----+-----+------------+-------------------------------------------------------------+--------------+
|ap_clk                    |   in|    1|  ap_ctrl_hs|  pvm_merge_and_project<config_enc5>_Pipeline_VITIS_LOOP_89_2|  return value|
|ap_rst                    |   in|    1|  ap_ctrl_hs|  pvm_merge_and_project<config_enc5>_Pipeline_VITIS_LOOP_89_2|  return value|
|ap_start                  |   in|    1|  ap_ctrl_hs|  pvm_merge_and_project<config_enc5>_Pipeline_VITIS_LOOP_89_2|  return value|
|ap_done                   |  out|    1|  ap_ctrl_hs|  pvm_merge_and_project<config_enc5>_Pipeline_VITIS_LOOP_89_2|  return value|
|ap_idle                   |  out|    1|  ap_ctrl_hs|  pvm_merge_and_project<config_enc5>_Pipeline_VITIS_LOOP_89_2|  return value|
|ap_ready                  |  out|    1|  ap_ctrl_hs|  pvm_merge_and_project<config_enc5>_Pipeline_VITIS_LOOP_89_2|  return value|
|m_axi_gmem2_0_AWVALID     |  out|    1|       m_axi|                                                        gmem2|       pointer|
|m_axi_gmem2_0_AWREADY     |   in|    1|       m_axi|                                                        gmem2|       pointer|
|m_axi_gmem2_0_AWADDR      |  out|   64|       m_axi|                                                        gmem2|       pointer|
|m_axi_gmem2_0_AWID        |  out|    1|       m_axi|                                                        gmem2|       pointer|
|m_axi_gmem2_0_AWLEN       |  out|   32|       m_axi|                                                        gmem2|       pointer|
|m_axi_gmem2_0_AWSIZE      |  out|    3|       m_axi|                                                        gmem2|       pointer|
|m_axi_gmem2_0_AWBURST     |  out|    2|       m_axi|                                                        gmem2|       pointer|
|m_axi_gmem2_0_AWLOCK      |  out|    2|       m_axi|                                                        gmem2|       pointer|
|m_axi_gmem2_0_AWCACHE     |  out|    4|       m_axi|                                                        gmem2|       pointer|
|m_axi_gmem2_0_AWPROT      |  out|    3|       m_axi|                                                        gmem2|       pointer|
|m_axi_gmem2_0_AWQOS       |  out|    4|       m_axi|                                                        gmem2|       pointer|
|m_axi_gmem2_0_AWREGION    |  out|    4|       m_axi|                                                        gmem2|       pointer|
|m_axi_gmem2_0_AWUSER      |  out|    1|       m_axi|                                                        gmem2|       pointer|
|m_axi_gmem2_0_WVALID      |  out|    1|       m_axi|                                                        gmem2|       pointer|
|m_axi_gmem2_0_WREADY      |   in|    1|       m_axi|                                                        gmem2|       pointer|
|m_axi_gmem2_0_WDATA       |  out|   32|       m_axi|                                                        gmem2|       pointer|
|m_axi_gmem2_0_WSTRB       |  out|    4|       m_axi|                                                        gmem2|       pointer|
|m_axi_gmem2_0_WLAST       |  out|    1|       m_axi|                                                        gmem2|       pointer|
|m_axi_gmem2_0_WID         |  out|    1|       m_axi|                                                        gmem2|       pointer|
|m_axi_gmem2_0_WUSER       |  out|    1|       m_axi|                                                        gmem2|       pointer|
|m_axi_gmem2_0_ARVALID     |  out|    1|       m_axi|                                                        gmem2|       pointer|
|m_axi_gmem2_0_ARREADY     |   in|    1|       m_axi|                                                        gmem2|       pointer|
|m_axi_gmem2_0_ARADDR      |  out|   64|       m_axi|                                                        gmem2|       pointer|
|m_axi_gmem2_0_ARID        |  out|    1|       m_axi|                                                        gmem2|       pointer|
|m_axi_gmem2_0_ARLEN       |  out|   32|       m_axi|                                                        gmem2|       pointer|
|m_axi_gmem2_0_ARSIZE      |  out|    3|       m_axi|                                                        gmem2|       pointer|
|m_axi_gmem2_0_ARBURST     |  out|    2|       m_axi|                                                        gmem2|       pointer|
|m_axi_gmem2_0_ARLOCK      |  out|    2|       m_axi|                                                        gmem2|       pointer|
|m_axi_gmem2_0_ARCACHE     |  out|    4|       m_axi|                                                        gmem2|       pointer|
|m_axi_gmem2_0_ARPROT      |  out|    3|       m_axi|                                                        gmem2|       pointer|
|m_axi_gmem2_0_ARQOS       |  out|    4|       m_axi|                                                        gmem2|       pointer|
|m_axi_gmem2_0_ARREGION    |  out|    4|       m_axi|                                                        gmem2|       pointer|
|m_axi_gmem2_0_ARUSER      |  out|    1|       m_axi|                                                        gmem2|       pointer|
|m_axi_gmem2_0_RVALID      |   in|    1|       m_axi|                                                        gmem2|       pointer|
|m_axi_gmem2_0_RREADY      |  out|    1|       m_axi|                                                        gmem2|       pointer|
|m_axi_gmem2_0_RDATA       |   in|   32|       m_axi|                                                        gmem2|       pointer|
|m_axi_gmem2_0_RLAST       |   in|    1|       m_axi|                                                        gmem2|       pointer|
|m_axi_gmem2_0_RID         |   in|    1|       m_axi|                                                        gmem2|       pointer|
|m_axi_gmem2_0_RFIFONUM    |   in|    9|       m_axi|                                                        gmem2|       pointer|
|m_axi_gmem2_0_RUSER       |   in|    1|       m_axi|                                                        gmem2|       pointer|
|m_axi_gmem2_0_RRESP       |   in|    2|       m_axi|                                                        gmem2|       pointer|
|m_axi_gmem2_0_BVALID      |   in|    1|       m_axi|                                                        gmem2|       pointer|
|m_axi_gmem2_0_BREADY      |  out|    1|       m_axi|                                                        gmem2|       pointer|
|m_axi_gmem2_0_BRESP       |   in|    2|       m_axi|                                                        gmem2|       pointer|
|m_axi_gmem2_0_BID         |   in|    1|       m_axi|                                                        gmem2|       pointer|
|m_axi_gmem2_0_BUSER       |   in|    1|       m_axi|                                                        gmem2|       pointer|
|local_proj_w_address0     |  out|    6|   ap_memory|                                                 local_proj_w|         array|
|local_proj_w_ce0          |  out|    1|   ap_memory|                                                 local_proj_w|         array|
|local_proj_w_we0          |  out|    1|   ap_memory|                                                 local_proj_w|         array|
|local_proj_w_d0           |  out|   18|   ap_memory|                                                 local_proj_w|         array|
|zext_ln87                 |   in|    6|     ap_none|                                                    zext_ln87|        scalar|
|sext_ln89                 |   in|   62|     ap_none|                                                    sext_ln89|        scalar|
|local_proj_w_1_address0   |  out|    6|   ap_memory|                                               local_proj_w_1|         array|
|local_proj_w_1_ce0        |  out|    1|   ap_memory|                                               local_proj_w_1|         array|
|local_proj_w_1_we0        |  out|    1|   ap_memory|                                               local_proj_w_1|         array|
|local_proj_w_1_d0         |  out|   18|   ap_memory|                                               local_proj_w_1|         array|
|local_proj_w_2_address0   |  out|    6|   ap_memory|                                               local_proj_w_2|         array|
|local_proj_w_2_ce0        |  out|    1|   ap_memory|                                               local_proj_w_2|         array|
|local_proj_w_2_we0        |  out|    1|   ap_memory|                                               local_proj_w_2|         array|
|local_proj_w_2_d0         |  out|   18|   ap_memory|                                               local_proj_w_2|         array|
|local_proj_w_3_address0   |  out|    6|   ap_memory|                                               local_proj_w_3|         array|
|local_proj_w_3_ce0        |  out|    1|   ap_memory|                                               local_proj_w_3|         array|
|local_proj_w_3_we0        |  out|    1|   ap_memory|                                               local_proj_w_3|         array|
|local_proj_w_3_d0         |  out|   18|   ap_memory|                                               local_proj_w_3|         array|
|local_proj_w_4_address0   |  out|    6|   ap_memory|                                               local_proj_w_4|         array|
|local_proj_w_4_ce0        |  out|    1|   ap_memory|                                               local_proj_w_4|         array|
|local_proj_w_4_we0        |  out|    1|   ap_memory|                                               local_proj_w_4|         array|
|local_proj_w_4_d0         |  out|   18|   ap_memory|                                               local_proj_w_4|         array|
|local_proj_w_5_address0   |  out|    6|   ap_memory|                                               local_proj_w_5|         array|
|local_proj_w_5_ce0        |  out|    1|   ap_memory|                                               local_proj_w_5|         array|
|local_proj_w_5_we0        |  out|    1|   ap_memory|                                               local_proj_w_5|         array|
|local_proj_w_5_d0         |  out|   18|   ap_memory|                                               local_proj_w_5|         array|
|local_proj_w_6_address0   |  out|    6|   ap_memory|                                               local_proj_w_6|         array|
|local_proj_w_6_ce0        |  out|    1|   ap_memory|                                               local_proj_w_6|         array|
|local_proj_w_6_we0        |  out|    1|   ap_memory|                                               local_proj_w_6|         array|
|local_proj_w_6_d0         |  out|   18|   ap_memory|                                               local_proj_w_6|         array|
|local_proj_w_7_address0   |  out|    6|   ap_memory|                                               local_proj_w_7|         array|
|local_proj_w_7_ce0        |  out|    1|   ap_memory|                                               local_proj_w_7|         array|
|local_proj_w_7_we0        |  out|    1|   ap_memory|                                               local_proj_w_7|         array|
|local_proj_w_7_d0         |  out|   18|   ap_memory|                                               local_proj_w_7|         array|
|local_proj_w_8_address0   |  out|    6|   ap_memory|                                               local_proj_w_8|         array|
|local_proj_w_8_ce0        |  out|    1|   ap_memory|                                               local_proj_w_8|         array|
|local_proj_w_8_we0        |  out|    1|   ap_memory|                                               local_proj_w_8|         array|
|local_proj_w_8_d0         |  out|   18|   ap_memory|                                               local_proj_w_8|         array|
|local_proj_w_9_address0   |  out|    6|   ap_memory|                                               local_proj_w_9|         array|
|local_proj_w_9_ce0        |  out|    1|   ap_memory|                                               local_proj_w_9|         array|
|local_proj_w_9_we0        |  out|    1|   ap_memory|                                               local_proj_w_9|         array|
|local_proj_w_9_d0         |  out|   18|   ap_memory|                                               local_proj_w_9|         array|
|local_proj_w_10_address0  |  out|    6|   ap_memory|                                              local_proj_w_10|         array|
|local_proj_w_10_ce0       |  out|    1|   ap_memory|                                              local_proj_w_10|         array|
|local_proj_w_10_we0       |  out|    1|   ap_memory|                                              local_proj_w_10|         array|
|local_proj_w_10_d0        |  out|   18|   ap_memory|                                              local_proj_w_10|         array|
|local_proj_w_11_address0  |  out|    6|   ap_memory|                                              local_proj_w_11|         array|
|local_proj_w_11_ce0       |  out|    1|   ap_memory|                                              local_proj_w_11|         array|
|local_proj_w_11_we0       |  out|    1|   ap_memory|                                              local_proj_w_11|         array|
|local_proj_w_11_d0        |  out|   18|   ap_memory|                                              local_proj_w_11|         array|
|local_proj_w_12_address0  |  out|    6|   ap_memory|                                              local_proj_w_12|         array|
|local_proj_w_12_ce0       |  out|    1|   ap_memory|                                              local_proj_w_12|         array|
|local_proj_w_12_we0       |  out|    1|   ap_memory|                                              local_proj_w_12|         array|
|local_proj_w_12_d0        |  out|   18|   ap_memory|                                              local_proj_w_12|         array|
|local_proj_w_13_address0  |  out|    6|   ap_memory|                                              local_proj_w_13|         array|
|local_proj_w_13_ce0       |  out|    1|   ap_memory|                                              local_proj_w_13|         array|
|local_proj_w_13_we0       |  out|    1|   ap_memory|                                              local_proj_w_13|         array|
|local_proj_w_13_d0        |  out|   18|   ap_memory|                                              local_proj_w_13|         array|
|local_proj_w_14_address0  |  out|    6|   ap_memory|                                              local_proj_w_14|         array|
|local_proj_w_14_ce0       |  out|    1|   ap_memory|                                              local_proj_w_14|         array|
|local_proj_w_14_we0       |  out|    1|   ap_memory|                                              local_proj_w_14|         array|
|local_proj_w_14_d0        |  out|   18|   ap_memory|                                              local_proj_w_14|         array|
|local_proj_w_15_address0  |  out|    6|   ap_memory|                                              local_proj_w_15|         array|
|local_proj_w_15_ce0       |  out|    1|   ap_memory|                                              local_proj_w_15|         array|
|local_proj_w_15_we0       |  out|    1|   ap_memory|                                              local_proj_w_15|         array|
|local_proj_w_15_d0        |  out|   18|   ap_memory|                                              local_proj_w_15|         array|
|local_proj_w_16_address0  |  out|    6|   ap_memory|                                              local_proj_w_16|         array|
|local_proj_w_16_ce0       |  out|    1|   ap_memory|                                              local_proj_w_16|         array|
|local_proj_w_16_we0       |  out|    1|   ap_memory|                                              local_proj_w_16|         array|
|local_proj_w_16_d0        |  out|   18|   ap_memory|                                              local_proj_w_16|         array|
|local_proj_w_17_address0  |  out|    6|   ap_memory|                                              local_proj_w_17|         array|
|local_proj_w_17_ce0       |  out|    1|   ap_memory|                                              local_proj_w_17|         array|
|local_proj_w_17_we0       |  out|    1|   ap_memory|                                              local_proj_w_17|         array|
|local_proj_w_17_d0        |  out|   18|   ap_memory|                                              local_proj_w_17|         array|
|local_proj_w_18_address0  |  out|    6|   ap_memory|                                              local_proj_w_18|         array|
|local_proj_w_18_ce0       |  out|    1|   ap_memory|                                              local_proj_w_18|         array|
|local_proj_w_18_we0       |  out|    1|   ap_memory|                                              local_proj_w_18|         array|
|local_proj_w_18_d0        |  out|   18|   ap_memory|                                              local_proj_w_18|         array|
|local_proj_w_19_address0  |  out|    6|   ap_memory|                                              local_proj_w_19|         array|
|local_proj_w_19_ce0       |  out|    1|   ap_memory|                                              local_proj_w_19|         array|
|local_proj_w_19_we0       |  out|    1|   ap_memory|                                              local_proj_w_19|         array|
|local_proj_w_19_d0        |  out|   18|   ap_memory|                                              local_proj_w_19|         array|
|local_proj_w_20_address0  |  out|    6|   ap_memory|                                              local_proj_w_20|         array|
|local_proj_w_20_ce0       |  out|    1|   ap_memory|                                              local_proj_w_20|         array|
|local_proj_w_20_we0       |  out|    1|   ap_memory|                                              local_proj_w_20|         array|
|local_proj_w_20_d0        |  out|   18|   ap_memory|                                              local_proj_w_20|         array|
|local_proj_w_21_address0  |  out|    6|   ap_memory|                                              local_proj_w_21|         array|
|local_proj_w_21_ce0       |  out|    1|   ap_memory|                                              local_proj_w_21|         array|
|local_proj_w_21_we0       |  out|    1|   ap_memory|                                              local_proj_w_21|         array|
|local_proj_w_21_d0        |  out|   18|   ap_memory|                                              local_proj_w_21|         array|
|local_proj_w_22_address0  |  out|    6|   ap_memory|                                              local_proj_w_22|         array|
|local_proj_w_22_ce0       |  out|    1|   ap_memory|                                              local_proj_w_22|         array|
|local_proj_w_22_we0       |  out|    1|   ap_memory|                                              local_proj_w_22|         array|
|local_proj_w_22_d0        |  out|   18|   ap_memory|                                              local_proj_w_22|         array|
|local_proj_w_23_address0  |  out|    6|   ap_memory|                                              local_proj_w_23|         array|
|local_proj_w_23_ce0       |  out|    1|   ap_memory|                                              local_proj_w_23|         array|
|local_proj_w_23_we0       |  out|    1|   ap_memory|                                              local_proj_w_23|         array|
|local_proj_w_23_d0        |  out|   18|   ap_memory|                                              local_proj_w_23|         array|
|local_proj_w_24_address0  |  out|    6|   ap_memory|                                              local_proj_w_24|         array|
|local_proj_w_24_ce0       |  out|    1|   ap_memory|                                              local_proj_w_24|         array|
|local_proj_w_24_we0       |  out|    1|   ap_memory|                                              local_proj_w_24|         array|
|local_proj_w_24_d0        |  out|   18|   ap_memory|                                              local_proj_w_24|         array|
|local_proj_w_25_address0  |  out|    6|   ap_memory|                                              local_proj_w_25|         array|
|local_proj_w_25_ce0       |  out|    1|   ap_memory|                                              local_proj_w_25|         array|
|local_proj_w_25_we0       |  out|    1|   ap_memory|                                              local_proj_w_25|         array|
|local_proj_w_25_d0        |  out|   18|   ap_memory|                                              local_proj_w_25|         array|
|local_proj_w_26_address0  |  out|    6|   ap_memory|                                              local_proj_w_26|         array|
|local_proj_w_26_ce0       |  out|    1|   ap_memory|                                              local_proj_w_26|         array|
|local_proj_w_26_we0       |  out|    1|   ap_memory|                                              local_proj_w_26|         array|
|local_proj_w_26_d0        |  out|   18|   ap_memory|                                              local_proj_w_26|         array|
|local_proj_w_27_address0  |  out|    6|   ap_memory|                                              local_proj_w_27|         array|
|local_proj_w_27_ce0       |  out|    1|   ap_memory|                                              local_proj_w_27|         array|
|local_proj_w_27_we0       |  out|    1|   ap_memory|                                              local_proj_w_27|         array|
|local_proj_w_27_d0        |  out|   18|   ap_memory|                                              local_proj_w_27|         array|
|local_proj_w_28_address0  |  out|    6|   ap_memory|                                              local_proj_w_28|         array|
|local_proj_w_28_ce0       |  out|    1|   ap_memory|                                              local_proj_w_28|         array|
|local_proj_w_28_we0       |  out|    1|   ap_memory|                                              local_proj_w_28|         array|
|local_proj_w_28_d0        |  out|   18|   ap_memory|                                              local_proj_w_28|         array|
|local_proj_w_29_address0  |  out|    6|   ap_memory|                                              local_proj_w_29|         array|
|local_proj_w_29_ce0       |  out|    1|   ap_memory|                                              local_proj_w_29|         array|
|local_proj_w_29_we0       |  out|    1|   ap_memory|                                              local_proj_w_29|         array|
|local_proj_w_29_d0        |  out|   18|   ap_memory|                                              local_proj_w_29|         array|
|local_proj_w_30_address0  |  out|    6|   ap_memory|                                              local_proj_w_30|         array|
|local_proj_w_30_ce0       |  out|    1|   ap_memory|                                              local_proj_w_30|         array|
|local_proj_w_30_we0       |  out|    1|   ap_memory|                                              local_proj_w_30|         array|
|local_proj_w_30_d0        |  out|   18|   ap_memory|                                              local_proj_w_30|         array|
|local_proj_w_31_address0  |  out|    6|   ap_memory|                                              local_proj_w_31|         array|
|local_proj_w_31_ce0       |  out|    1|   ap_memory|                                              local_proj_w_31|         array|
|local_proj_w_31_we0       |  out|    1|   ap_memory|                                              local_proj_w_31|         array|
|local_proj_w_31_d0        |  out|   18|   ap_memory|                                              local_proj_w_31|         array|
+--------------------------+-----+-----+------------+-------------------------------------------------------------+--------------+

