

================================================================
== Vitis HLS Report for 'pvm_merge_and_project_config_enc5_Pipeline_VITIS_LOOP_103_4'
================================================================
* Date:           Wed Feb 25 16:07:20 2026

* Version:        2025.1 (Build 6135595 on May 21 2025)
* Project:        unet_pvm_top
* Solution:       hls (Vivado IP Flow Target)
* Product family: zynquplus
* Target device:  xck26-sfvc784-2LV-c


================================================================
== Performance Estimates
================================================================
+ Timing: 
    * Summary: 
    +--------+---------+----------+------------+
    |  Clock |  Target | Estimated| Uncertainty|
    +--------+---------+----------+------------+
    |ap_clk  |  5.00 ns|  2.955 ns|     0.50 ns|
    +--------+---------+----------+------------+

+ Latency: 
    * Summary: 
    +---------+---------+-----------+-----------+-----+-----+------------------------------------------------+
    |  Latency (cycles) |   Latency (absolute)  |  Interval |                    Pipeline                    |
    |   min   |   max   |    min    |    max    | min | max |                      Type                      |
    +---------+---------+-----------+-----------+-----+-----+------------------------------------------------+
    |        6|        6|  30.000 ns|  30.000 ns|    5|    5|  loop auto-rewind stp (delay=0 clock cycles(s))|
    +---------+---------+-----------+-----------+-----+-----+------------------------------------------------+

    + Detail: 
        * Instance: 
        N/A

        * Loop: 
        +--------------------+---------+---------+----------+-----------+-----------+------+----------+
        |                    |  Latency (cycles) | Iteration|  Initiation Interval  | Trip |          |
        |      Loop Name     |   min   |   max   |  Latency |  achieved |   target  | Count| Pipelined|
        +--------------------+---------+---------+----------+-----------+-----------+------+----------+
        |- VITIS_LOOP_103_4  |        4|        4|         2|          1|          1|     4|       yes|
        +--------------------+---------+---------+----------+-----------+-----------+------+----------+



================================================================
== Utilization Estimates
================================================================
* Summary: 
+-----------------+---------+------+--------+--------+-----+
|       Name      | BRAM_18K|  DSP |   FF   |   LUT  | URAM|
+-----------------+---------+------+--------+--------+-----+
|DSP              |        -|     -|       -|       -|    -|
|Expression       |        -|     -|       0|     932|    -|
|FIFO             |        -|     -|       -|       -|    -|
|Instance         |        -|     -|       -|       -|    -|
|Memory           |        -|     -|       -|       -|    -|
|Multiplexer      |        -|     -|       0|      98|    -|
|Register         |        -|     -|     585|       -|    -|
+-----------------+---------+------+--------+--------+-----+
|Total            |        0|     0|     585|    1030|    0|
+-----------------+---------+------+--------+--------+-----+
|Available        |      288|  1248|  234240|  117120|   64|
+-----------------+---------+------+--------+--------+-----+
|Utilization (%)  |        0|     0|      ~0|      ~0|    0|
+-----------------+---------+------+--------+--------+-----+

+ Detail: 
    * Instance: 
    N/A

    * DSP: 
    N/A

    * Memory: 
    N/A

    * FIFO: 
    N/A

    * Expression: 
    +----------------------------------+----------+----+---+----+------------+------------+
    |           Variable Name          | Operation| DSP| FF| LUT| Bitwidth P0| Bitwidth P1|
    +----------------------------------+----------+----+---+----+------------+------------+
    |add_ln103_fu_739_p2               |         +|   0|  0|  10|           3|           1|
    |add_ln111_10_fu_1486_p2           |         +|   0|  0|  35|          28|          28|
    |add_ln111_11_fu_1592_p2           |         +|   0|  0|  35|          28|          28|
    |add_ln111_12_fu_1698_p2           |         +|   0|  0|  35|          28|          28|
    |add_ln111_13_fu_1804_p2           |         +|   0|  0|  35|          28|          28|
    |add_ln111_14_fu_1910_p2           |         +|   0|  0|  35|          28|          28|
    |add_ln111_15_fu_2016_p2           |         +|   0|  0|  35|          28|          28|
    |add_ln111_1_fu_1386_p2            |         +|   0|  0|  36|          29|          29|
    |add_ln111_2_fu_1492_p2            |         +|   0|  0|  36|          29|          29|
    |add_ln111_3_fu_1598_p2            |         +|   0|  0|  36|          29|          29|
    |add_ln111_4_fu_1704_p2            |         +|   0|  0|  36|          29|          29|
    |add_ln111_5_fu_1810_p2            |         +|   0|  0|  36|          29|          29|
    |add_ln111_6_fu_1916_p2            |         +|   0|  0|  36|          29|          29|
    |add_ln111_7_fu_2022_p2            |         +|   0|  0|  36|          29|          29|
    |add_ln111_8_fu_1274_p2            |         +|   0|  0|  35|          28|          28|
    |add_ln111_9_fu_1380_p2            |         +|   0|  0|  35|          28|          28|
    |add_ln111_fu_1280_p2              |         +|   0|  0|  36|          29|          29|
    |and_ln111_1_fu_1424_p2            |       and|   0|  0|   2|           1|           1|
    |and_ln111_2_fu_1530_p2            |       and|   0|  0|   2|           1|           1|
    |and_ln111_3_fu_1636_p2            |       and|   0|  0|   2|           1|           1|
    |and_ln111_4_fu_1742_p2            |       and|   0|  0|   2|           1|           1|
    |and_ln111_5_fu_1848_p2            |       and|   0|  0|   2|           1|           1|
    |and_ln111_6_fu_1954_p2            |       and|   0|  0|   2|           1|           1|
    |and_ln111_7_fu_2060_p2            |       and|   0|  0|   2|           1|           1|
    |and_ln111_fu_1318_p2              |       and|   0|  0|   2|           1|           1|
    |ap_block_pp0_stage0_01001         |       and|   0|  0|   2|           1|           1|
    |ap_predicate_op108_read_state2    |       and|   0|  0|   2|           1|           1|
    |ap_predicate_op120_read_state2    |       and|   0|  0|   2|           1|           1|
    |ap_predicate_op82_read_state2     |       and|   0|  0|   2|           1|           1|
    |ap_predicate_op95_read_state2     |       and|   0|  0|   2|           1|           1|
    |icmp_ln103_fu_733_p2              |      icmp|   0|  0|  12|           3|           4|
    |ap_block_state2_pp0_stage0_iter1  |        or|   0|  0|   2|           1|           1|
    |merged_32_fu_1338_p3              |    select|   0|  0|  17|           1|          18|
    |merged_33_fu_1444_p3              |    select|   0|  0|  17|           1|          18|
    |merged_34_fu_1550_p3              |    select|   0|  0|  17|           1|          18|
    |merged_35_fu_1656_p3              |    select|   0|  0|  17|           1|          18|
    |merged_36_fu_1762_p3              |    select|   0|  0|  17|           1|          18|
    |merged_37_fu_1868_p3              |    select|   0|  0|  17|           1|          18|
    |merged_38_fu_1974_p3              |    select|   0|  0|  17|           1|          18|
    |merged_39_fu_2080_p3              |    select|   0|  0|  17|           1|          18|
    |select_ln111_10_fu_1854_p3        |    select|   0|  0|  18|           1|          17|
    |select_ln111_12_fu_1960_p3        |    select|   0|  0|  18|           1|          17|
    |select_ln111_14_fu_2066_p3        |    select|   0|  0|  18|           1|          17|
    |select_ln111_2_fu_1430_p3         |    select|   0|  0|  18|           1|          17|
    |select_ln111_4_fu_1536_p3         |    select|   0|  0|  18|           1|          17|
    |select_ln111_6_fu_1642_p3         |    select|   0|  0|  18|           1|          17|
    |select_ln111_8_fu_1748_p3         |    select|   0|  0|  18|           1|          17|
    |select_ln111_fu_1324_p3           |    select|   0|  0|  18|           1|          17|
    |ap_enable_pp0                     |       xor|   0|  0|   2|           1|           2|
    |xor_ln111_10_fu_1842_p2           |       xor|   0|  0|   2|           1|           2|
    |xor_ln111_11_fu_1862_p2           |       xor|   0|  0|   2|           1|           1|
    |xor_ln111_12_fu_1948_p2           |       xor|   0|  0|   2|           1|           2|
    |xor_ln111_13_fu_1968_p2           |       xor|   0|  0|   2|           1|           1|
    |xor_ln111_14_fu_2054_p2           |       xor|   0|  0|   2|           1|           2|
    |xor_ln111_15_fu_2074_p2           |       xor|   0|  0|   2|           1|           1|
    |xor_ln111_1_fu_1332_p2            |       xor|   0|  0|   2|           1|           1|
    |xor_ln111_2_fu_1418_p2            |       xor|   0|  0|   2|           1|           2|
    |xor_ln111_3_fu_1438_p2            |       xor|   0|  0|   2|           1|           1|
    |xor_ln111_4_fu_1524_p2            |       xor|   0|  0|   2|           1|           2|
    |xor_ln111_5_fu_1544_p2            |       xor|   0|  0|   2|           1|           1|
    |xor_ln111_6_fu_1630_p2            |       xor|   0|  0|   2|           1|           2|
    |xor_ln111_7_fu_1650_p2            |       xor|   0|  0|   2|           1|           1|
    |xor_ln111_8_fu_1736_p2            |       xor|   0|  0|   2|           1|           2|
    |xor_ln111_9_fu_1756_p2            |       xor|   0|  0|   2|           1|           1|
    |xor_ln111_fu_1312_p2              |       xor|   0|  0|   2|           1|           2|
    +----------------------------------+----------+----+---+----+------------+------------+
    |Total                             |          |   0|  0| 932|         509|         781|
    +----------------------------------+----------+----+---+----+------------+------------+

    * Multiplexer: 
    +-------------------------------+----+-----------+-----+-----------+
    |              Name             | LUT| Input Size| Bits| Total Bits|
    +-------------------------------+----+-----------+-----+-----------+
    |ap_done_int                    |   9|          2|    1|          2|
    |ap_enable_reg_pp0_iter1        |   9|          2|    1|          2|
    |ap_phi_mux_p_in_phi_fu_715_p8  |  26|          5|  242|       1210|
    |ap_sig_allocacmp_chunk_2       |   9|          2|    3|          6|
    |chunk_fu_226                   |   9|          2|    3|          6|
    |mamba_out_0_blk_n              |   9|          2|    1|          2|
    |mamba_out_1_blk_n              |   9|          2|    1|          2|
    |mamba_out_2_blk_n              |   9|          2|    1|          2|
    |mamba_out_3_blk_n              |   9|          2|    1|          2|
    +-------------------------------+----+-----------+-----+-----------+
    |Total                          |  98|         21|  254|       1234|
    +-------------------------------+----+-----------+-----+-----------+

    * Register: 
    +-------------------------+----+----+-----+-----------+
    |           Name          | FF | LUT| Bits| Const Bits|
    +-------------------------+----+----+-----+-----------+
    |ap_CS_fsm                |   1|   0|    1|          0|
    |ap_done_reg              |   1|   0|    1|          0|
    |ap_enable_reg_pp0_iter1  |   1|   0|    1|          0|
    |chunk_fu_226             |   3|   0|    3|          0|
    |icmp_ln103_reg_2575      |   1|   0|    1|          0|
    |merged_10_fu_270         |  18|   0|   18|          0|
    |merged_11_fu_274         |  18|   0|   18|          0|
    |merged_12_fu_278         |  18|   0|   18|          0|
    |merged_13_fu_282         |  18|   0|   18|          0|
    |merged_14_fu_286         |  18|   0|   18|          0|
    |merged_15_fu_290         |  18|   0|   18|          0|
    |merged_16_fu_294         |  18|   0|   18|          0|
    |merged_17_fu_298         |  18|   0|   18|          0|
    |merged_18_fu_302         |  18|   0|   18|          0|
    |merged_19_fu_306         |  18|   0|   18|          0|
    |merged_1_fu_234          |  18|   0|   18|          0|
    |merged_20_fu_310         |  18|   0|   18|          0|
    |merged_21_fu_314         |  18|   0|   18|          0|
    |merged_22_fu_318         |  18|   0|   18|          0|
    |merged_23_fu_322         |  18|   0|   18|          0|
    |merged_24_fu_326         |  18|   0|   18|          0|
    |merged_25_fu_330         |  18|   0|   18|          0|
    |merged_26_fu_334         |  18|   0|   18|          0|
    |merged_27_fu_338         |  18|   0|   18|          0|
    |merged_28_fu_342         |  18|   0|   18|          0|
    |merged_29_fu_346         |  18|   0|   18|          0|
    |merged_2_fu_238          |  18|   0|   18|          0|
    |merged_30_fu_350         |  18|   0|   18|          0|
    |merged_31_fu_354         |  18|   0|   18|          0|
    |merged_3_fu_242          |  18|   0|   18|          0|
    |merged_4_fu_246          |  18|   0|   18|          0|
    |merged_5_fu_250          |  18|   0|   18|          0|
    |merged_6_fu_254          |  18|   0|   18|          0|
    |merged_7_fu_258          |  18|   0|   18|          0|
    |merged_8_fu_262          |  18|   0|   18|          0|
    |merged_9_fu_266          |  18|   0|   18|          0|
    |merged_fu_230            |  18|   0|   18|          0|
    |trunc_ln103_reg_2579     |   2|   0|    2|          0|
    +-------------------------+----+----+-----+-----------+
    |Total                    | 585|   0|  585|          0|
    +-------------------------+----+----+-----+-----------+



================================================================
== Interface
================================================================
* Summary: 
+------------------------------------------------------------------------+-----+-----+------------+---------------------------------------------------------------+--------------+
|                                RTL Ports                               | Dir | Bits|  Protocol  |                         Source Object                         |    C Type    |
+------------------------------------------------------------------------+-----+-----+------------+---------------------------------------------------------------+--------------+
|ap_clk                                                                  |   in|    1|  ap_ctrl_hs|   pvm_merge_and_project<config_enc5>_Pipeline_VITIS_LOOP_103_4|  return value|
|ap_rst                                                                  |   in|    1|  ap_ctrl_hs|   pvm_merge_and_project<config_enc5>_Pipeline_VITIS_LOOP_103_4|  return value|
|ap_start                                                                |   in|    1|  ap_ctrl_hs|   pvm_merge_and_project<config_enc5>_Pipeline_VITIS_LOOP_103_4|  return value|
|ap_done                                                                 |  out|    1|  ap_ctrl_hs|   pvm_merge_and_project<config_enc5>_Pipeline_VITIS_LOOP_103_4|  return value|
|ap_idle                                                                 |  out|    1|  ap_ctrl_hs|   pvm_merge_and_project<config_enc5>_Pipeline_VITIS_LOOP_103_4|  return value|
|ap_ready                                                                |  out|    1|  ap_ctrl_hs|   pvm_merge_and_project<config_enc5>_Pipeline_VITIS_LOOP_103_4|  return value|
|mamba_out_2_dout                                                        |   in|  576|     ap_fifo|                                                    mamba_out_2|       pointer|
|mamba_out_2_empty_n                                                     |   in|    1|     ap_fifo|                                                    mamba_out_2|       pointer|
|mamba_out_2_read                                                        |  out|    1|     ap_fifo|                                                    mamba_out_2|       pointer|
|mamba_out_1_dout                                                        |   in|  576|     ap_fifo|                                                    mamba_out_1|       pointer|
|mamba_out_1_empty_n                                                     |   in|    1|     ap_fifo|                                                    mamba_out_1|       pointer|
|mamba_out_1_read                                                        |  out|    1|     ap_fifo|                                                    mamba_out_1|       pointer|
|mamba_out_0_dout                                                        |   in|  576|     ap_fifo|                                                    mamba_out_0|       pointer|
|mamba_out_0_empty_n                                                     |   in|    1|     ap_fifo|                                                    mamba_out_0|       pointer|
|mamba_out_0_read                                                        |  out|    1|     ap_fifo|                                                    mamba_out_0|       pointer|
|mamba_out_3_dout                                                        |   in|  576|     ap_fifo|                                                    mamba_out_3|       pointer|
|mamba_out_3_empty_n                                                     |   in|    1|     ap_fifo|                                                    mamba_out_3|       pointer|
|mamba_out_3_read                                                        |  out|    1|     ap_fifo|                                                    mamba_out_3|       pointer|
|t                                                                       |   in|    4|     ap_none|                                                              t|        scalar|
|merged_31_out                                                           |  out|   18|      ap_vld|                                                  merged_31_out|       pointer|
|merged_31_out_ap_vld                                                    |  out|    1|      ap_vld|                                                  merged_31_out|       pointer|
|merged_30_out                                                           |  out|   18|      ap_vld|                                                  merged_30_out|       pointer|
|merged_30_out_ap_vld                                                    |  out|    1|      ap_vld|                                                  merged_30_out|       pointer|
|merged_29_out                                                           |  out|   18|      ap_vld|                                                  merged_29_out|       pointer|
|merged_29_out_ap_vld                                                    |  out|    1|      ap_vld|                                                  merged_29_out|       pointer|
|merged_28_out                                                           |  out|   18|      ap_vld|                                                  merged_28_out|       pointer|
|merged_28_out_ap_vld                                                    |  out|    1|      ap_vld|                                                  merged_28_out|       pointer|
|merged_27_out                                                           |  out|   18|      ap_vld|                                                  merged_27_out|       pointer|
|merged_27_out_ap_vld                                                    |  out|    1|      ap_vld|                                                  merged_27_out|       pointer|
|merged_26_out                                                           |  out|   18|      ap_vld|                                                  merged_26_out|       pointer|
|merged_26_out_ap_vld                                                    |  out|    1|      ap_vld|                                                  merged_26_out|       pointer|
|merged_25_out                                                           |  out|   18|      ap_vld|                                                  merged_25_out|       pointer|
|merged_25_out_ap_vld                                                    |  out|    1|      ap_vld|                                                  merged_25_out|       pointer|
|merged_24_out                                                           |  out|   18|      ap_vld|                                                  merged_24_out|       pointer|
|merged_24_out_ap_vld                                                    |  out|    1|      ap_vld|                                                  merged_24_out|       pointer|
|merged_23_out                                                           |  out|   18|      ap_vld|                                                  merged_23_out|       pointer|
|merged_23_out_ap_vld                                                    |  out|    1|      ap_vld|                                                  merged_23_out|       pointer|
|merged_22_out                                                           |  out|   18|      ap_vld|                                                  merged_22_out|       pointer|
|merged_22_out_ap_vld                                                    |  out|    1|      ap_vld|                                                  merged_22_out|       pointer|
|merged_21_out                                                           |  out|   18|      ap_vld|                                                  merged_21_out|       pointer|
|merged_21_out_ap_vld                                                    |  out|    1|      ap_vld|                                                  merged_21_out|       pointer|
|merged_20_out                                                           |  out|   18|      ap_vld|                                                  merged_20_out|       pointer|
|merged_20_out_ap_vld                                                    |  out|    1|      ap_vld|                                                  merged_20_out|       pointer|
|merged_19_out                                                           |  out|   18|      ap_vld|                                                  merged_19_out|       pointer|
|merged_19_out_ap_vld                                                    |  out|    1|      ap_vld|                                                  merged_19_out|       pointer|
|merged_18_out                                                           |  out|   18|      ap_vld|                                                  merged_18_out|       pointer|
|merged_18_out_ap_vld                                                    |  out|    1|      ap_vld|                                                  merged_18_out|       pointer|
|merged_17_out                                                           |  out|   18|      ap_vld|                                                  merged_17_out|       pointer|
|merged_17_out_ap_vld                                                    |  out|    1|      ap_vld|                                                  merged_17_out|       pointer|
|merged_16_out                                                           |  out|   18|      ap_vld|                                                  merged_16_out|       pointer|
|merged_16_out_ap_vld                                                    |  out|    1|      ap_vld|                                                  merged_16_out|       pointer|
|merged_15_out                                                           |  out|   18|      ap_vld|                                                  merged_15_out|       pointer|
|merged_15_out_ap_vld                                                    |  out|    1|      ap_vld|                                                  merged_15_out|       pointer|
|merged_14_out                                                           |  out|   18|      ap_vld|                                                  merged_14_out|       pointer|
|merged_14_out_ap_vld                                                    |  out|    1|      ap_vld|                                                  merged_14_out|       pointer|
|merged_13_out                                                           |  out|   18|      ap_vld|                                                  merged_13_out|       pointer|
|merged_13_out_ap_vld                                                    |  out|    1|      ap_vld|                                                  merged_13_out|       pointer|
|merged_12_out                                                           |  out|   18|      ap_vld|                                                  merged_12_out|       pointer|
|merged_12_out_ap_vld                                                    |  out|    1|      ap_vld|                                                  merged_12_out|       pointer|
|merged_11_out                                                           |  out|   18|      ap_vld|                                                  merged_11_out|       pointer|
|merged_11_out_ap_vld                                                    |  out|    1|      ap_vld|                                                  merged_11_out|       pointer|
|merged_10_out                                                           |  out|   18|      ap_vld|                                                  merged_10_out|       pointer|
|merged_10_out_ap_vld                                                    |  out|    1|      ap_vld|                                                  merged_10_out|       pointer|
|merged_9_out                                                            |  out|   18|      ap_vld|                                                   merged_9_out|       pointer|
|merged_9_out_ap_vld                                                     |  out|    1|      ap_vld|                                                   merged_9_out|       pointer|
|merged_8_out                                                            |  out|   18|      ap_vld|                                                   merged_8_out|       pointer|
|merged_8_out_ap_vld                                                     |  out|    1|      ap_vld|                                                   merged_8_out|       pointer|
|merged_7_out                                                            |  out|   18|      ap_vld|                                                   merged_7_out|       pointer|
|merged_7_out_ap_vld                                                     |  out|    1|      ap_vld|                                                   merged_7_out|       pointer|
|merged_6_out                                                            |  out|   18|      ap_vld|                                                   merged_6_out|       pointer|
|merged_6_out_ap_vld                                                     |  out|    1|      ap_vld|                                                   merged_6_out|       pointer|
|merged_5_out                                                            |  out|   18|      ap_vld|                                                   merged_5_out|       pointer|
|merged_5_out_ap_vld                                                     |  out|    1|      ap_vld|                                                   merged_5_out|       pointer|
|merged_4_out                                                            |  out|   18|      ap_vld|                                                   merged_4_out|       pointer|
|merged_4_out_ap_vld                                                     |  out|    1|      ap_vld|                                                   merged_4_out|       pointer|
|merged_3_out                                                            |  out|   18|      ap_vld|                                                   merged_3_out|       pointer|
|merged_3_out_ap_vld                                                     |  out|    1|      ap_vld|                                                   merged_3_out|       pointer|
|merged_2_out                                                            |  out|   18|      ap_vld|                                                   merged_2_out|       pointer|
|merged_2_out_ap_vld                                                     |  out|    1|      ap_vld|                                                   merged_2_out|       pointer|
|merged_1_out                                                            |  out|   18|      ap_vld|                                                   merged_1_out|       pointer|
|merged_1_out_ap_vld                                                     |  out|    1|      ap_vld|                                                   merged_1_out|       pointer|
|merged_out                                                              |  out|   18|      ap_vld|                                                     merged_out|       pointer|
|merged_out_ap_vld                                                       |  out|    1|      ap_vld|                                                     merged_out|       pointer|
|unet_pvm_top_ap_fixed_ap_fixed_ap_fixed_18_8_0_0_0_enc4_out_3_address0  |  out|    7|   ap_memory|  unet_pvm_top_ap_fixed_ap_fixed_ap_fixed_18_8_0_0_0_enc4_out_3|         array|
|unet_pvm_top_ap_fixed_ap_fixed_ap_fixed_18_8_0_0_0_enc4_out_3_ce0       |  out|    1|   ap_memory|  unet_pvm_top_ap_fixed_ap_fixed_ap_fixed_18_8_0_0_0_enc4_out_3|         array|
|unet_pvm_top_ap_fixed_ap_fixed_ap_fixed_18_8_0_0_0_enc4_out_3_q0        |   in|   18|   ap_memory|  unet_pvm_top_ap_fixed_ap_fixed_ap_fixed_18_8_0_0_0_enc4_out_3|         array|
|unet_pvm_top_ap_fixed_ap_fixed_ap_fixed_18_8_0_0_0_enc4_out_3_address1  |  out|    7|   ap_memory|  unet_pvm_top_ap_fixed_ap_fixed_ap_fixed_18_8_0_0_0_enc4_out_3|         array|
|unet_pvm_top_ap_fixed_ap_fixed_ap_fixed_18_8_0_0_0_enc4_out_3_ce1       |  out|    1|   ap_memory|  unet_pvm_top_ap_fixed_ap_fixed_ap_fixed_18_8_0_0_0_enc4_out_3|         array|
|unet_pvm_top_ap_fixed_ap_fixed_ap_fixed_18_8_0_0_0_enc4_out_3_q1        |   in|   18|   ap_memory|  unet_pvm_top_ap_fixed_ap_fixed_ap_fixed_18_8_0_0_0_enc4_out_3|         array|
|unet_pvm_top_ap_fixed_ap_fixed_ap_fixed_18_8_0_0_0_enc4_out_2_address0  |  out|    7|   ap_memory|  unet_pvm_top_ap_fixed_ap_fixed_ap_fixed_18_8_0_0_0_enc4_out_2|         array|
|unet_pvm_top_ap_fixed_ap_fixed_ap_fixed_18_8_0_0_0_enc4_out_2_ce0       |  out|    1|   ap_memory|  unet_pvm_top_ap_fixed_ap_fixed_ap_fixed_18_8_0_0_0_enc4_out_2|         array|
|unet_pvm_top_ap_fixed_ap_fixed_ap_fixed_18_8_0_0_0_enc4_out_2_q0        |   in|   18|   ap_memory|  unet_pvm_top_ap_fixed_ap_fixed_ap_fixed_18_8_0_0_0_enc4_out_2|         array|
|unet_pvm_top_ap_fixed_ap_fixed_ap_fixed_18_8_0_0_0_enc4_out_2_address1  |  out|    7|   ap_memory|  unet_pvm_top_ap_fixed_ap_fixed_ap_fixed_18_8_0_0_0_enc4_out_2|         array|
|unet_pvm_top_ap_fixed_ap_fixed_ap_fixed_18_8_0_0_0_enc4_out_2_ce1       |  out|    1|   ap_memory|  unet_pvm_top_ap_fixed_ap_fixed_ap_fixed_18_8_0_0_0_enc4_out_2|         array|
|unet_pvm_top_ap_fixed_ap_fixed_ap_fixed_18_8_0_0_0_enc4_out_2_q1        |   in|   18|   ap_memory|  unet_pvm_top_ap_fixed_ap_fixed_ap_fixed_18_8_0_0_0_enc4_out_2|         array|
|unet_pvm_top_ap_fixed_ap_fixed_ap_fixed_18_8_0_0_0_enc4_out_1_address0  |  out|    7|   ap_memory|  unet_pvm_top_ap_fixed_ap_fixed_ap_fixed_18_8_0_0_0_enc4_out_1|         array|
|unet_pvm_top_ap_fixed_ap_fixed_ap_fixed_18_8_0_0_0_enc4_out_1_ce0       |  out|    1|   ap_memory|  unet_pvm_top_ap_fixed_ap_fixed_ap_fixed_18_8_0_0_0_enc4_out_1|         array|
|unet_pvm_top_ap_fixed_ap_fixed_ap_fixed_18_8_0_0_0_enc4_out_1_q0        |   in|   18|   ap_memory|  unet_pvm_top_ap_fixed_ap_fixed_ap_fixed_18_8_0_0_0_enc4_out_1|         array|
|unet_pvm_top_ap_fixed_ap_fixed_ap_fixed_18_8_0_0_0_enc4_out_1_address1  |  out|    7|   ap_memory|  unet_pvm_top_ap_fixed_ap_fixed_ap_fixed_18_8_0_0_0_enc4_out_1|         array|
|unet_pvm_top_ap_fixed_ap_fixed_ap_fixed_18_8_0_0_0_enc4_out_1_ce1       |  out|    1|   ap_memory|  unet_pvm_top_ap_fixed_ap_fixed_ap_fixed_18_8_0_0_0_enc4_out_1|         array|
|unet_pvm_top_ap_fixed_ap_fixed_ap_fixed_18_8_0_0_0_enc4_out_1_q1        |   in|   18|   ap_memory|  unet_pvm_top_ap_fixed_ap_fixed_ap_fixed_18_8_0_0_0_enc4_out_1|         array|
|unet_pvm_top_ap_fixed_ap_fixed_ap_fixed_18_8_0_0_0_enc4_out_address0    |  out|    7|   ap_memory|    unet_pvm_top_ap_fixed_ap_fixed_ap_fixed_18_8_0_0_0_enc4_out|         array|
|unet_pvm_top_ap_fixed_ap_fixed_ap_fixed_18_8_0_0_0_enc4_out_ce0         |  out|    1|   ap_memory|    unet_pvm_top_ap_fixed_ap_fixed_ap_fixed_18_8_0_0_0_enc4_out|         array|
|unet_pvm_top_ap_fixed_ap_fixed_ap_fixed_18_8_0_0_0_enc4_out_q0          |   in|   18|   ap_memory|    unet_pvm_top_ap_fixed_ap_fixed_ap_fixed_18_8_0_0_0_enc4_out|         array|
|unet_pvm_top_ap_fixed_ap_fixed_ap_fixed_18_8_0_0_0_enc4_out_address1    |  out|    7|   ap_memory|    unet_pvm_top_ap_fixed_ap_fixed_ap_fixed_18_8_0_0_0_enc4_out|         array|
|unet_pvm_top_ap_fixed_ap_fixed_ap_fixed_18_8_0_0_0_enc4_out_ce1         |  out|    1|   ap_memory|    unet_pvm_top_ap_fixed_ap_fixed_ap_fixed_18_8_0_0_0_enc4_out|         array|
|unet_pvm_top_ap_fixed_ap_fixed_ap_fixed_18_8_0_0_0_enc4_out_q1          |   in|   18|   ap_memory|    unet_pvm_top_ap_fixed_ap_fixed_ap_fixed_18_8_0_0_0_enc4_out|         array|
+------------------------------------------------------------------------+-----+-----+------------+---------------------------------------------------------------+--------------+

