

================================================================
== Vitis HLS Report for 'pvm_split_and_norm_config_enc5_Pipeline_VITIS_LOOP_48_4'
================================================================
* Date:           Wed Feb 25 16:06:05 2026

* Version:        2025.1 (Build 6135595 on May 21 2025)
* Project:        unet_pvm_top
* Solution:       hls (Vivado IP Flow Target)
* Product family: zynquplus
* Target device:  xck26-sfvc784-2LV-c


================================================================
== Performance Estimates
================================================================
+ Timing: 
    * Summary: 
    +--------+---------+----------+------------+
    |  Clock |  Target | Estimated| Uncertainty|
    +--------+---------+----------+------------+
    |ap_clk  |  5.00 ns|  4.344 ns|     0.50 ns|
    +--------+---------+----------+------------+

+ Latency: 
    * Summary: 
    +---------+---------+-----------+-----------+-----+-----+------------------------------------------------+
    |  Latency (cycles) |   Latency (absolute)  |  Interval |                    Pipeline                    |
    |   min   |   max   |    min    |    max    | min | max |                      Type                      |
    +---------+---------+-----------+-----------+-----+-----+------------------------------------------------+
    |        9|        9|  45.000 ns|  45.000 ns|    5|    5|  loop auto-rewind stp (delay=0 clock cycles(s))|
    +---------+---------+-----------+-----------+-----+-----+------------------------------------------------+

    + Detail: 
        * Instance: 
        N/A

        * Loop: 
        +-------------------+---------+---------+----------+-----------+-----------+------+----------+
        |                   |  Latency (cycles) | Iteration|  Initiation Interval  | Trip |          |
        |     Loop Name     |   min   |   max   |  Latency |  achieved |   target  | Count| Pipelined|
        +-------------------+---------+---------+----------+-----------+-----------+------+----------+
        |- VITIS_LOOP_48_4  |        7|        7|         5|          1|          1|     4|       yes|
        +-------------------+---------+---------+----------+-----------+-----------+------+----------+



================================================================
== Utilization Estimates
================================================================
* Summary: 
+-----------------+---------+------+--------+--------+-----+
|       Name      | BRAM_18K|  DSP |   FF   |   LUT  | URAM|
+-----------------+---------+------+--------+--------+-----+
|DSP              |        -|     8|       -|       -|    -|
|Expression       |        -|     -|       0|    1140|    -|
|FIFO             |        -|     -|       -|       -|    -|
|Instance         |        -|     -|       0|     160|    -|
|Memory           |        -|     -|       -|       -|    -|
|Multiplexer      |        -|     -|       0|      72|    -|
|Register         |        -|     -|     222|      32|    -|
+-----------------+---------+------+--------+--------+-----+
|Total            |        0|     8|     222|    1404|    0|
+-----------------+---------+------+--------+--------+-----+
|Available        |      288|  1248|  234240|  117120|   64|
+-----------------+---------+------+--------+--------+-----+
|Utilization (%)  |        0|    ~0|      ~0|       1|    0|
+-----------------+---------+------+--------+--------+-----+

+ Detail: 
    * Instance: 
    +--------------------------+----------------------+---------+----+---+----+-----+
    |         Instance         |        Module        | BRAM_18K| DSP| FF| LUT| URAM|
    +--------------------------+----------------------+---------+----+---+----+-----+
    |sparsemux_9_2_18_1_1_U85  |sparsemux_9_2_18_1_1  |        0|   0|  0|  20|    0|
    |sparsemux_9_2_18_1_1_U86  |sparsemux_9_2_18_1_1  |        0|   0|  0|  20|    0|
    |sparsemux_9_2_18_1_1_U87  |sparsemux_9_2_18_1_1  |        0|   0|  0|  20|    0|
    |sparsemux_9_2_18_1_1_U88  |sparsemux_9_2_18_1_1  |        0|   0|  0|  20|    0|
    |sparsemux_9_2_18_1_1_U89  |sparsemux_9_2_18_1_1  |        0|   0|  0|  20|    0|
    |sparsemux_9_2_18_1_1_U90  |sparsemux_9_2_18_1_1  |        0|   0|  0|  20|    0|
    |sparsemux_9_2_18_1_1_U91  |sparsemux_9_2_18_1_1  |        0|   0|  0|  20|    0|
    |sparsemux_9_2_18_1_1_U92  |sparsemux_9_2_18_1_1  |        0|   0|  0|  20|    0|
    +--------------------------+----------------------+---------+----+---+----+-----+
    |Total                     |                      |        0|   0|  0| 160|    0|
    +--------------------------+----------------------+---------+----+---+----+-----+

    * DSP: 
    +-----------------------------------+------------------------------+----------------+
    |              Instance             |            Module            |   Expression   |
    +-----------------------------------+------------------------------+----------------+
    |am_submul_18s_18s_18s_37_4_1_U93   |am_submul_18s_18s_18s_37_4_1  |  (i0 - i1) * i2|
    |am_submul_18s_18s_18s_37_4_1_U94   |am_submul_18s_18s_18s_37_4_1  |  (i0 - i1) * i2|
    |am_submul_18s_18s_18s_37_4_1_U95   |am_submul_18s_18s_18s_37_4_1  |  (i0 - i1) * i2|
    |am_submul_18s_18s_18s_37_4_1_U96   |am_submul_18s_18s_18s_37_4_1  |  (i0 - i1) * i2|
    |am_submul_18s_18s_18s_37_4_1_U97   |am_submul_18s_18s_18s_37_4_1  |  (i0 - i1) * i2|
    |am_submul_18s_18s_18s_37_4_1_U98   |am_submul_18s_18s_18s_37_4_1  |  (i0 - i1) * i2|
    |am_submul_18s_18s_18s_37_4_1_U99   |am_submul_18s_18s_18s_37_4_1  |  (i0 - i1) * i2|
    |am_submul_18s_18s_18s_37_4_1_U100  |am_submul_18s_18s_18s_37_4_1  |  (i0 - i1) * i2|
    +-----------------------------------+------------------------------+----------------+

    * Memory: 
    N/A

    * FIFO: 
    N/A

    * Expression: 
    +---------------------------------------+----------+----+---+----+------------+------------+
    |             Variable Name             | Operation| DSP| FF| LUT| Bitwidth P0| Bitwidth P1|
    +---------------------------------------+----------+----+---+----+------------+------------+
    |add_ln48_fu_416_p2                     |         +|   0|  0|  10|           3|           1|
    |add_ln54_1_fu_902_p2                   |         +|   0|  0|  25|          18|          18|
    |add_ln54_2_fu_1105_p2                  |         +|   0|  0|  25|          18|          18|
    |add_ln54_3_fu_1308_p2                  |         +|   0|  0|  25|          18|          18|
    |add_ln54_4_fu_1511_p2                  |         +|   0|  0|  25|          18|          18|
    |add_ln54_5_fu_1714_p2                  |         +|   0|  0|  25|          18|          18|
    |add_ln54_6_fu_1917_p2                  |         +|   0|  0|  25|          18|          18|
    |add_ln54_7_fu_2120_p2                  |         +|   0|  0|  25|          18|          18|
    |add_ln54_fu_699_p2                     |         +|   0|  0|  25|          18|          18|
    |and_ln54_10_fu_1025_p2                 |       and|   0|  0|   2|           1|           1|
    |and_ln54_11_fu_1043_p2                 |       and|   0|  0|   2|           1|           1|
    |and_ln54_12_fu_1125_p2                 |       and|   0|  0|   2|           1|           1|
    |and_ln54_13_fu_1184_p2                 |       and|   0|  0|   2|           1|           1|
    |and_ln54_14_fu_1198_p2                 |       and|   0|  0|   2|           1|           1|
    |and_ln54_15_fu_1222_p2                 |       and|   0|  0|   2|           1|           1|
    |and_ln54_16_fu_1228_p2                 |       and|   0|  0|   2|           1|           1|
    |and_ln54_17_fu_1246_p2                 |       and|   0|  0|   2|           1|           1|
    |and_ln54_18_fu_1328_p2                 |       and|   0|  0|   2|           1|           1|
    |and_ln54_19_fu_1387_p2                 |       and|   0|  0|   2|           1|           1|
    |and_ln54_1_fu_778_p2                   |       and|   0|  0|   2|           1|           1|
    |and_ln54_20_fu_1401_p2                 |       and|   0|  0|   2|           1|           1|
    |and_ln54_21_fu_1425_p2                 |       and|   0|  0|   2|           1|           1|
    |and_ln54_22_fu_1431_p2                 |       and|   0|  0|   2|           1|           1|
    |and_ln54_23_fu_1449_p2                 |       and|   0|  0|   2|           1|           1|
    |and_ln54_24_fu_1531_p2                 |       and|   0|  0|   2|           1|           1|
    |and_ln54_25_fu_1590_p2                 |       and|   0|  0|   2|           1|           1|
    |and_ln54_26_fu_1604_p2                 |       and|   0|  0|   2|           1|           1|
    |and_ln54_27_fu_1628_p2                 |       and|   0|  0|   2|           1|           1|
    |and_ln54_28_fu_1634_p2                 |       and|   0|  0|   2|           1|           1|
    |and_ln54_29_fu_1652_p2                 |       and|   0|  0|   2|           1|           1|
    |and_ln54_2_fu_792_p2                   |       and|   0|  0|   2|           1|           1|
    |and_ln54_30_fu_1734_p2                 |       and|   0|  0|   2|           1|           1|
    |and_ln54_31_fu_1793_p2                 |       and|   0|  0|   2|           1|           1|
    |and_ln54_32_fu_1807_p2                 |       and|   0|  0|   2|           1|           1|
    |and_ln54_33_fu_1831_p2                 |       and|   0|  0|   2|           1|           1|
    |and_ln54_34_fu_1837_p2                 |       and|   0|  0|   2|           1|           1|
    |and_ln54_35_fu_1855_p2                 |       and|   0|  0|   2|           1|           1|
    |and_ln54_36_fu_1937_p2                 |       and|   0|  0|   2|           1|           1|
    |and_ln54_37_fu_1996_p2                 |       and|   0|  0|   2|           1|           1|
    |and_ln54_38_fu_2010_p2                 |       and|   0|  0|   2|           1|           1|
    |and_ln54_39_fu_2034_p2                 |       and|   0|  0|   2|           1|           1|
    |and_ln54_3_fu_816_p2                   |       and|   0|  0|   2|           1|           1|
    |and_ln54_40_fu_2040_p2                 |       and|   0|  0|   2|           1|           1|
    |and_ln54_41_fu_2058_p2                 |       and|   0|  0|   2|           1|           1|
    |and_ln54_42_fu_2140_p2                 |       and|   0|  0|   2|           1|           1|
    |and_ln54_43_fu_2199_p2                 |       and|   0|  0|   2|           1|           1|
    |and_ln54_44_fu_2213_p2                 |       and|   0|  0|   2|           1|           1|
    |and_ln54_45_fu_2237_p2                 |       and|   0|  0|   2|           1|           1|
    |and_ln54_46_fu_2243_p2                 |       and|   0|  0|   2|           1|           1|
    |and_ln54_47_fu_2261_p2                 |       and|   0|  0|   2|           1|           1|
    |and_ln54_4_fu_822_p2                   |       and|   0|  0|   2|           1|           1|
    |and_ln54_5_fu_840_p2                   |       and|   0|  0|   2|           1|           1|
    |and_ln54_6_fu_922_p2                   |       and|   0|  0|   2|           1|           1|
    |and_ln54_7_fu_981_p2                   |       and|   0|  0|   2|           1|           1|
    |and_ln54_8_fu_995_p2                   |       and|   0|  0|   2|           1|           1|
    |and_ln54_9_fu_1019_p2                  |       and|   0|  0|   2|           1|           1|
    |and_ln54_fu_719_p2                     |       and|   0|  0|   2|           1|           1|
    |ap_block_pp0_stage0_01001_grp1         |       and|   0|  0|   2|           1|           1|
    |icmp_ln48_fu_410_p2                    |      icmp|   0|  0|  12|           3|           4|
    |icmp_ln54_10_fu_1361_p2                |      icmp|   0|  0|  16|           9|           2|
    |icmp_ln54_11_fu_1367_p2                |      icmp|   0|  0|  16|           9|           1|
    |icmp_ln54_12_fu_1551_p2                |      icmp|   0|  0|  15|           8|           2|
    |icmp_ln54_13_fu_1564_p2                |      icmp|   0|  0|  16|           9|           2|
    |icmp_ln54_14_fu_1570_p2                |      icmp|   0|  0|  16|           9|           1|
    |icmp_ln54_15_fu_1754_p2                |      icmp|   0|  0|  15|           8|           2|
    |icmp_ln54_16_fu_1767_p2                |      icmp|   0|  0|  16|           9|           2|
    |icmp_ln54_17_fu_1773_p2                |      icmp|   0|  0|  16|           9|           1|
    |icmp_ln54_18_fu_1957_p2                |      icmp|   0|  0|  15|           8|           2|
    |icmp_ln54_19_fu_1970_p2                |      icmp|   0|  0|  16|           9|           2|
    |icmp_ln54_1_fu_752_p2                  |      icmp|   0|  0|  16|           9|           2|
    |icmp_ln54_20_fu_1976_p2                |      icmp|   0|  0|  16|           9|           1|
    |icmp_ln54_21_fu_2160_p2                |      icmp|   0|  0|  15|           8|           2|
    |icmp_ln54_22_fu_2173_p2                |      icmp|   0|  0|  16|           9|           2|
    |icmp_ln54_23_fu_2179_p2                |      icmp|   0|  0|  16|           9|           1|
    |icmp_ln54_2_fu_758_p2                  |      icmp|   0|  0|  16|           9|           1|
    |icmp_ln54_3_fu_942_p2                  |      icmp|   0|  0|  15|           8|           2|
    |icmp_ln54_4_fu_955_p2                  |      icmp|   0|  0|  16|           9|           2|
    |icmp_ln54_5_fu_961_p2                  |      icmp|   0|  0|  16|           9|           1|
    |icmp_ln54_6_fu_1145_p2                 |      icmp|   0|  0|  15|           8|           2|
    |icmp_ln54_7_fu_1158_p2                 |      icmp|   0|  0|  16|           9|           2|
    |icmp_ln54_8_fu_1164_p2                 |      icmp|   0|  0|  16|           9|           1|
    |icmp_ln54_9_fu_1348_p2                 |      icmp|   0|  0|  15|           8|           2|
    |icmp_ln54_fu_739_p2                    |      icmp|   0|  0|  15|           8|           2|
    |ap_block_state5_pp0_stage0_iter4_grp1  |        or|   0|  0|   2|           1|           1|
    |or_ln54_10_fu_1819_p2                  |        or|   0|  0|   2|           1|           1|
    |or_ln54_11_fu_1869_p2                  |        or|   0|  0|   2|           1|           1|
    |or_ln54_12_fu_2022_p2                  |        or|   0|  0|   2|           1|           1|
    |or_ln54_13_fu_2072_p2                  |        or|   0|  0|   2|           1|           1|
    |or_ln54_14_fu_2225_p2                  |        or|   0|  0|   2|           1|           1|
    |or_ln54_15_fu_2275_p2                  |        or|   0|  0|   2|           1|           1|
    |or_ln54_16_fu_828_p2                   |        or|   0|  0|   2|           1|           1|
    |or_ln54_17_fu_1031_p2                  |        or|   0|  0|   2|           1|           1|
    |or_ln54_18_fu_1234_p2                  |        or|   0|  0|   2|           1|           1|
    |or_ln54_19_fu_1437_p2                  |        or|   0|  0|   2|           1|           1|
    |or_ln54_1_fu_854_p2                    |        or|   0|  0|   2|           1|           1|
    |or_ln54_20_fu_1640_p2                  |        or|   0|  0|   2|           1|           1|
    |or_ln54_21_fu_1843_p2                  |        or|   0|  0|   2|           1|           1|
    |or_ln54_22_fu_2046_p2                  |        or|   0|  0|   2|           1|           1|
    |or_ln54_23_fu_2249_p2                  |        or|   0|  0|   2|           1|           1|
    |or_ln54_2_fu_1007_p2                   |        or|   0|  0|   2|           1|           1|
    |or_ln54_3_fu_1057_p2                   |        or|   0|  0|   2|           1|           1|
    |or_ln54_4_fu_1210_p2                   |        or|   0|  0|   2|           1|           1|
    |or_ln54_5_fu_1260_p2                   |        or|   0|  0|   2|           1|           1|
    |or_ln54_6_fu_1413_p2                   |        or|   0|  0|   2|           1|           1|
    |or_ln54_7_fu_1463_p2                   |        or|   0|  0|   2|           1|           1|
    |or_ln54_8_fu_1616_p2                   |        or|   0|  0|   2|           1|           1|
    |or_ln54_9_fu_1666_p2                   |        or|   0|  0|   2|           1|           1|
    |or_ln54_fu_804_p2                      |        or|   0|  0|   2|           1|           1|
    |select_ln54_10_fu_1252_p3              |    select|   0|  0|  18|           1|          17|
    |select_ln54_12_fu_1373_p3              |    select|   0|  0|   2|           1|           1|
    |select_ln54_13_fu_1393_p3              |    select|   0|  0|   2|           1|           1|
    |select_ln54_14_fu_1455_p3              |    select|   0|  0|  18|           1|          17|
    |select_ln54_16_fu_1576_p3              |    select|   0|  0|   2|           1|           1|
    |select_ln54_17_fu_1596_p3              |    select|   0|  0|   2|           1|           1|
    |select_ln54_18_fu_1658_p3              |    select|   0|  0|  18|           1|          17|
    |select_ln54_1_fu_784_p3                |    select|   0|  0|   2|           1|           1|
    |select_ln54_20_fu_1779_p3              |    select|   0|  0|   2|           1|           1|
    |select_ln54_21_fu_1799_p3              |    select|   0|  0|   2|           1|           1|
    |select_ln54_22_fu_1861_p3              |    select|   0|  0|  18|           1|          17|
    |select_ln54_24_fu_1982_p3              |    select|   0|  0|   2|           1|           1|
    |select_ln54_25_fu_2002_p3              |    select|   0|  0|   2|           1|           1|
    |select_ln54_26_fu_2064_p3              |    select|   0|  0|  18|           1|          17|
    |select_ln54_28_fu_2185_p3              |    select|   0|  0|   2|           1|           1|
    |select_ln54_29_fu_2205_p3              |    select|   0|  0|   2|           1|           1|
    |select_ln54_2_fu_846_p3                |    select|   0|  0|  18|           1|          17|
    |select_ln54_30_fu_2267_p3              |    select|   0|  0|  18|           1|          17|
    |select_ln54_31_fu_2281_p3              |    select|   0|  0|  17|           1|          18|
    |select_ln54_4_fu_967_p3                |    select|   0|  0|   2|           1|           1|
    |select_ln54_5_fu_987_p3                |    select|   0|  0|   2|           1|           1|
    |select_ln54_6_fu_1049_p3               |    select|   0|  0|  18|           1|          17|
    |select_ln54_8_fu_1170_p3               |    select|   0|  0|   2|           1|           1|
    |select_ln54_9_fu_1190_p3               |    select|   0|  0|   2|           1|           1|
    |select_ln54_fu_764_p3                  |    select|   0|  0|   2|           1|           1|
    |vec_1_fu_1063_p3                       |    select|   0|  0|  17|           1|          18|
    |vec_2_fu_1266_p3                       |    select|   0|  0|  17|           1|          18|
    |vec_3_fu_1469_p3                       |    select|   0|  0|  17|           1|          18|
    |vec_4_fu_1672_p3                       |    select|   0|  0|  17|           1|          18|
    |vec_5_fu_1875_p3                       |    select|   0|  0|  17|           1|          18|
    |vec_6_fu_2078_p3                       |    select|   0|  0|  17|           1|          18|
    |vec_fu_860_p3                          |    select|   0|  0|  17|           1|          18|
    |ap_enable_pp0                          |       xor|   0|  0|   2|           1|           2|
    |xor_ln54_10_fu_1119_p2                 |       xor|   0|  0|   2|           1|           2|
    |xor_ln54_11_fu_1178_p2                 |       xor|   0|  0|   2|           1|           2|
    |xor_ln54_12_fu_1204_p2                 |       xor|   0|  0|   2|           1|           2|
    |xor_ln54_13_fu_1216_p2                 |       xor|   0|  0|   2|           1|           2|
    |xor_ln54_14_fu_1240_p2                 |       xor|   0|  0|   2|           1|           2|
    |xor_ln54_15_fu_1322_p2                 |       xor|   0|  0|   2|           1|           2|
    |xor_ln54_16_fu_1381_p2                 |       xor|   0|  0|   2|           1|           2|
    |xor_ln54_17_fu_1407_p2                 |       xor|   0|  0|   2|           1|           2|
    |xor_ln54_18_fu_1419_p2                 |       xor|   0|  0|   2|           1|           2|
    |xor_ln54_19_fu_1443_p2                 |       xor|   0|  0|   2|           1|           2|
    |xor_ln54_1_fu_772_p2                   |       xor|   0|  0|   2|           1|           2|
    |xor_ln54_20_fu_1525_p2                 |       xor|   0|  0|   2|           1|           2|
    |xor_ln54_21_fu_1584_p2                 |       xor|   0|  0|   2|           1|           2|
    |xor_ln54_22_fu_1610_p2                 |       xor|   0|  0|   2|           1|           2|
    |xor_ln54_23_fu_1622_p2                 |       xor|   0|  0|   2|           1|           2|
    |xor_ln54_24_fu_1646_p2                 |       xor|   0|  0|   2|           1|           2|
    |xor_ln54_25_fu_1728_p2                 |       xor|   0|  0|   2|           1|           2|
    |xor_ln54_26_fu_1787_p2                 |       xor|   0|  0|   2|           1|           2|
    |xor_ln54_27_fu_1813_p2                 |       xor|   0|  0|   2|           1|           2|
    |xor_ln54_28_fu_1825_p2                 |       xor|   0|  0|   2|           1|           2|
    |xor_ln54_29_fu_1849_p2                 |       xor|   0|  0|   2|           1|           2|
    |xor_ln54_2_fu_798_p2                   |       xor|   0|  0|   2|           1|           2|
    |xor_ln54_30_fu_1931_p2                 |       xor|   0|  0|   2|           1|           2|
    |xor_ln54_31_fu_1990_p2                 |       xor|   0|  0|   2|           1|           2|
    |xor_ln54_32_fu_2016_p2                 |       xor|   0|  0|   2|           1|           2|
    |xor_ln54_33_fu_2028_p2                 |       xor|   0|  0|   2|           1|           2|
    |xor_ln54_34_fu_2052_p2                 |       xor|   0|  0|   2|           1|           2|
    |xor_ln54_35_fu_2134_p2                 |       xor|   0|  0|   2|           1|           2|
    |xor_ln54_36_fu_2193_p2                 |       xor|   0|  0|   2|           1|           2|
    |xor_ln54_37_fu_2219_p2                 |       xor|   0|  0|   2|           1|           2|
    |xor_ln54_38_fu_2231_p2                 |       xor|   0|  0|   2|           1|           2|
    |xor_ln54_39_fu_2255_p2                 |       xor|   0|  0|   2|           1|           2|
    |xor_ln54_3_fu_810_p2                   |       xor|   0|  0|   2|           1|           2|
    |xor_ln54_4_fu_834_p2                   |       xor|   0|  0|   2|           1|           2|
    |xor_ln54_5_fu_916_p2                   |       xor|   0|  0|   2|           1|           2|
    |xor_ln54_6_fu_975_p2                   |       xor|   0|  0|   2|           1|           2|
    |xor_ln54_7_fu_1001_p2                  |       xor|   0|  0|   2|           1|           2|
    |xor_ln54_8_fu_1013_p2                  |       xor|   0|  0|   2|           1|           2|
    |xor_ln54_9_fu_1037_p2                  |       xor|   0|  0|   2|           1|           2|
    |xor_ln54_fu_713_p2                     |       xor|   0|  0|   2|           1|           2|
    +---------------------------------------+----------+----+---+----+------------+------------+
    |Total                                  |          |   0|  0|1140|         505|         641|
    +---------------------------------------+----------+----+---+----+------------+------------+

    * Multiplexer: 
    +--------------------------+----+-----------+-----+-----------+
    |           Name           | LUT| Input Size| Bits| Total Bits|
    +--------------------------+----+-----------+-----+-----------+
    |ap_done_int               |   9|          2|    1|          2|
    |ap_enable_reg_pp0_iter1   |   9|          2|    1|          2|
    |ap_sig_allocacmp_chunk_1  |   9|          2|    3|          6|
    |chunk_fu_158              |   9|          2|    3|          6|
    |mamba_in_0_blk_n          |   9|          2|    1|          2|
    |mamba_in_1_blk_n          |   9|          2|    1|          2|
    |mamba_in_2_blk_n          |   9|          2|    1|          2|
    |mamba_in_3_blk_n          |   9|          2|    1|          2|
    +--------------------------+----+-----------+-----+-----------+
    |Total                     |  72|         16|   12|         24|
    +--------------------------+----+-----------+-----+-----------+

    * Register: 
    +----------------------------------+----+----+-----+-----------+
    |               Name               | FF | LUT| Bits| Const Bits|
    +----------------------------------+----+----+-----+-----------+
    |ap_CS_fsm                         |   1|   0|    1|          0|
    |ap_done_reg                       |   1|   0|    1|          0|
    |ap_enable_reg_pp0_iter1           |   1|   0|    1|          0|
    |ap_enable_reg_pp0_iter2           |   1|   0|    1|          0|
    |ap_enable_reg_pp0_iter3           |   1|   0|    1|          0|
    |ap_enable_reg_pp0_iter4           |   1|   0|    1|          0|
    |ap_loop_exit_ready_pp0_iter1_reg  |   1|   0|    1|          0|
    |ap_loop_exit_ready_pp0_iter2_reg  |   1|   0|    1|          0|
    |ap_loop_exit_ready_pp0_iter3_reg  |   1|   0|    1|          0|
    |chunk_fu_158                      |   3|   0|    3|          0|
    |select_ln54_31_reg_2491           |  18|   0|   18|          0|
    |trunc_ln48_reg_2452               |   2|   0|    2|          0|
    |vec_1_reg_2461                    |  18|   0|   18|          0|
    |vec_2_reg_2466                    |  18|   0|   18|          0|
    |vec_3_reg_2471                    |  18|   0|   18|          0|
    |vec_4_reg_2476                    |  18|   0|   18|          0|
    |vec_5_reg_2481                    |  18|   0|   18|          0|
    |vec_6_reg_2486                    |  18|   0|   18|          0|
    |vec_reg_2456                      |  18|   0|   18|          0|
    |trunc_ln48_reg_2452               |  64|  32|    2|          0|
    +----------------------------------+----+----+-----+-----------+
    |Total                             | 222|  32|  160|          0|
    +----------------------------------+----+----+-----+-----------+



================================================================
== Interface
================================================================
* Summary: 
+-------------------+-----+-----+------------+----------------------------------------------------------+--------------+
|     RTL Ports     | Dir | Bits|  Protocol  |                       Source Object                      |    C Type    |
+-------------------+-----+-----+------------+----------------------------------------------------------+--------------+
|ap_clk             |   in|    1|  ap_ctrl_hs|  pvm_split_and_norm<config_enc5>_Pipeline_VITIS_LOOP_48_4|  return value|
|ap_rst             |   in|    1|  ap_ctrl_hs|  pvm_split_and_norm<config_enc5>_Pipeline_VITIS_LOOP_48_4|  return value|
|ap_start           |   in|    1|  ap_ctrl_hs|  pvm_split_and_norm<config_enc5>_Pipeline_VITIS_LOOP_48_4|  return value|
|ap_done            |  out|    1|  ap_ctrl_hs|  pvm_split_and_norm<config_enc5>_Pipeline_VITIS_LOOP_48_4|  return value|
|ap_idle            |  out|    1|  ap_ctrl_hs|  pvm_split_and_norm<config_enc5>_Pipeline_VITIS_LOOP_48_4|  return value|
|ap_ready           |  out|    1|  ap_ctrl_hs|  pvm_split_and_norm<config_enc5>_Pipeline_VITIS_LOOP_48_4|  return value|
|mamba_in_2_din     |  out|  576|     ap_fifo|                                                mamba_in_2|       pointer|
|mamba_in_2_full_n  |   in|    1|     ap_fifo|                                                mamba_in_2|       pointer|
|mamba_in_2_write   |  out|    1|     ap_fifo|                                                mamba_in_2|       pointer|
|mamba_in_1_din     |  out|  576|     ap_fifo|                                                mamba_in_1|       pointer|
|mamba_in_1_full_n  |   in|    1|     ap_fifo|                                                mamba_in_1|       pointer|
|mamba_in_1_write   |  out|    1|     ap_fifo|                                                mamba_in_1|       pointer|
|mamba_in_0_din     |  out|  576|     ap_fifo|                                                mamba_in_0|       pointer|
|mamba_in_0_full_n  |   in|    1|     ap_fifo|                                                mamba_in_0|       pointer|
|mamba_in_0_write   |  out|    1|     ap_fifo|                                                mamba_in_0|       pointer|
|mamba_in_3_din     |  out|  576|     ap_fifo|                                                mamba_in_3|       pointer|
|mamba_in_3_full_n  |   in|    1|     ap_fifo|                                                mamba_in_3|       pointer|
|mamba_in_3_write   |  out|    1|     ap_fifo|                                                mamba_in_3|       pointer|
|x_reload           |   in|   18|     ap_none|                                                  x_reload|        scalar|
|x_8_reload         |   in|   18|     ap_none|                                                x_8_reload|        scalar|
|x_16_reload        |   in|   18|     ap_none|                                               x_16_reload|        scalar|
|x_24_reload        |   in|   18|     ap_none|                                               x_24_reload|        scalar|
|conv_i_i16_i691    |   in|   18|     ap_none|                                           conv_i_i16_i691|        scalar|
|conv7_i            |   in|   18|     ap_none|                                                   conv7_i|        scalar|
|x_1_reload         |   in|   18|     ap_none|                                                x_1_reload|        scalar|
|x_9_reload         |   in|   18|     ap_none|                                                x_9_reload|        scalar|
|x_17_reload        |   in|   18|     ap_none|                                               x_17_reload|        scalar|
|x_25_reload        |   in|   18|     ap_none|                                               x_25_reload|        scalar|
|x_2_reload         |   in|   18|     ap_none|                                                x_2_reload|        scalar|
|x_10_reload        |   in|   18|     ap_none|                                               x_10_reload|        scalar|
|x_18_reload        |   in|   18|     ap_none|                                               x_18_reload|        scalar|
|x_26_reload        |   in|   18|     ap_none|                                               x_26_reload|        scalar|
|x_3_reload         |   in|   18|     ap_none|                                                x_3_reload|        scalar|
|x_11_reload        |   in|   18|     ap_none|                                               x_11_reload|        scalar|
|x_19_reload        |   in|   18|     ap_none|                                               x_19_reload|        scalar|
|x_27_reload        |   in|   18|     ap_none|                                               x_27_reload|        scalar|
|x_4_reload         |   in|   18|     ap_none|                                                x_4_reload|        scalar|
|x_12_reload        |   in|   18|     ap_none|                                               x_12_reload|        scalar|
|x_20_reload        |   in|   18|     ap_none|                                               x_20_reload|        scalar|
|x_28_reload        |   in|   18|     ap_none|                                               x_28_reload|        scalar|
|x_5_reload         |   in|   18|     ap_none|                                                x_5_reload|        scalar|
|x_13_reload        |   in|   18|     ap_none|                                               x_13_reload|        scalar|
|x_21_reload        |   in|   18|     ap_none|                                               x_21_reload|        scalar|
|x_29_reload        |   in|   18|     ap_none|                                               x_29_reload|        scalar|
|x_6_reload         |   in|   18|     ap_none|                                                x_6_reload|        scalar|
|x_14_reload        |   in|   18|     ap_none|                                               x_14_reload|        scalar|
|x_22_reload        |   in|   18|     ap_none|                                               x_22_reload|        scalar|
|x_30_reload        |   in|   18|     ap_none|                                               x_30_reload|        scalar|
|x_7_reload         |   in|   18|     ap_none|                                                x_7_reload|        scalar|
|x_15_reload        |   in|   18|     ap_none|                                               x_15_reload|        scalar|
|x_23_reload        |   in|   18|     ap_none|                                               x_23_reload|        scalar|
|x_31_reload        |   in|   18|     ap_none|                                               x_31_reload|        scalar|
+-------------------+-----+-----+------------+----------------------------------------------------------+--------------+

